This is LuaTeX, Version 1.10.0 (TeX Live 2019/Debian)  (format=lualatex 2020.7.19)  12 NOV 2020 00:26
 system commands enabled.
**main.tex
(./main.tex
LaTeX2e <2020-02-02> patch level 2
Lua module: luaotfload-main 2020-02-02 3.12 luaotfload entry point
Lua module: luaotfload-init 2020-02-02 3.12 luaotfload submodule / initializatio
n
Lua module: lualibs 2020-02-02 2.70 ConTeXt Lua standard libraries.
Lua module: lualibs-extended 2020-02-02 2.70 ConTeXt Lua libraries -- extended c
ollection.
Lua module: luaotfload-log 2020-02-02 3.12 luaotfload submodule / logging
Lua module: luaotfload-parsers 2020-02-02 3.12 luaotfload submodule / filelist
Lua module: luaotfload-configuration 2020-02-02 3.12 luaotfload submodule / conf
ig file reader
luaotfload | conf : Root cache directory is /home/enzo/.texlive2019/texmf-var/lu
atex-cache/generic-dev/names.
luaotfload | init : Loading fontloader “fontloader-2020-01-26.lua” from kpse
-resolved path “/usr/share/texlive/texmf-dist/tex/luatex/luaotfload/fontloader
-2020-01-26.lua”.
Lua-only attribute luaotfload@state = 2
Lua-only attribute luaotfload@noligature = 3
Lua-only attribute luaotfload@syllabe = 4
luaotfload | init : Context OpenType loader version “3.11”
Inserting `luaotfload.node_processor' at position 1 in `pre_linebreak_filter'.
Inserting `luaotfload.node_processor' at position 1 in `hpack_filter'.
Lua module: luaotfload-loaders 2020-02-02 3.12 luaotfload submodule / callback h
andling
Inserting `luaotfload.define_font' at position 1 in `define_font'.
Lua module: luaotfload-database 2020-02-02 3.12 luaotfload submodule / database
Lua module: luaotfload-unicode 2020-02-02 3.12 luaotfload submodule / Unicode he
lpers
Lua module: luaotfload-colors 2020-02-02 3.12 luaotfload submodule / color
Lua-only attribute luaotfload_color_attribute = 5
Lua module: luaotfload-resolvers 2020-02-02 3.12 luaotfload submodule / resolver
s
luaotfload | conf : Root cache directory is /home/enzo/.texlive2019/texmf-var/lu
atex-cache/generic-dev/names.
Lua module: luaotfload-features 2020-02-02 3.12 luaotfload submodule / features
Lua module: luaotfload-letterspace 2020-02-02 3.12 luaotfload submodule / color
Lua module: luaotfload-embolden 2020-02-02 3.12 luaotfload submodule / color
Lua module: luaotfload-notdef 2020-02-02 3.12 luaotfload submodule / color
Lua module: luaotfload-auxiliary 2020-02-02 3.12 luaotfload submodule / auxiliar
y functions
Inserting `luaotfload.aux.set_sscale_dimens' at position 1 in `luaotfload.patch_
font'.
Inserting `luaotfload.aux.set_font_index' at position 2 in `luaotfload.patch_fon
t'.
Inserting `luaotfload.aux.patch_cambria_domh' at position 3 in `luaotfload.patch
_font'.
Inserting `luaotfload.aux.fixup_fontdata' at position 1 in `luaotfload.patch_fon
t_unsafe'.
Inserting `luaotfload.aux.set_capheight' at position 4 in `luaotfload.patch_font
'.
Inserting `luaotfload.aux.set_xheight' at position 5 in `luaotfload.patch_font'.
Lua module: luaotfload-fallback 2020-02-02 3.12 luaotfload submodule / fallback
Lua module: luaotfload-multiscript 2020-02-02 3.12 luaotfload submodule / multis
cript
Lua module: luaotfload-script 2020-02-02 3.12 luaotfload submodule / Script help
ers
Lua module: luaotfload-tounicode 2020-02-02 3.12 luaotfload submodule / tounicod
e
Inserting `luaotfload.rewrite_fontname' at position 6 in `luaotfload.patch_font'
. L3 programming layer <2020-02-14>
(/usr/share/texlive/texmf-dist/tex/latex/base/article.cls
Document Class: article 2019/12/20 v1.4l Standard LaTeX document class
(/usr/share/texlive/texmf-dist/tex/latex/base/size10.clo
File: size10.clo 2019/12/20 v1.4l Standard LaTeX file (size option)
luaotfload | db : Font names database loaded from /home/enzo/.texlive2019/texmf-
var/luatex-cache/generic-dev/names/luaotfload-names.luc)
\c@part=\count163
\c@section=\count164
\c@subsection=\count165
\c@subsubsection=\count166
\c@paragraph=\count167
\c@subparagraph=\count168
\c@figure=\count169
\c@table=\count170
\abovecaptionskip=\skip47
\belowcaptionskip=\skip48
\bibindent=\dimen134
) (./structure.tex
(/usr/share/texlive/texmf-dist/tex/lualatex/luatextra/luatextra.sty
Package: luatextra 2010/10/10 v1.0 Loading usual LuaLaTeX packages

(/usr/share/texlive/texmf-dist/tex/generic/iftex/ifluatex.sty
Package: ifluatex 2019/10/25 v1.5 ifluatex legacy package. Use iftex instead.

(/usr/share/texlive/texmf-dist/tex/generic/iftex/iftex.sty
Package: iftex 2019/11/07 v1.0c TeX engine tests
))
(/usr/share/texlive/texmf-dist/tex/latex/fontspec/fontspec.sty
(/usr/share/texlive/texmf-dist/tex/latex/l3packages/xparse/xparse.sty
(/usr/share/texlive/texmf-dist/tex/latex/l3kernel/expl3.sty
Package: expl3 2020-02-14 L3 programming layer (loader) 

(/usr/share/texlive/texmf-dist/tex/latex/l3backend/l3backend-pdfmode.def
File: l3backend-pdfmode.def 2020-02-03 L3 backend support: PDF mode
\l__kernel_color_stack_int=\count171
\l__pdf_internal_box=\box45
))
Package: xparse 2020-02-14 L3 Experimental document command parser
\l__xparse_current_arg_int=\count172
\g__xparse_grabber_int=\count173
\l__xparse_m_args_int=\count174
\l__xparse_v_nesting_int=\count175
)
Package: fontspec 2020/02/03 v2.7h Font selection for XeLaTeX and LuaLaTeX
Lua module: fontspec 2020/02/03 2.7h Font selection for XeLaTeX and LuaLaTeX
(/usr/share/texlive/texmf-dist/tex/latex/fontspec/fontspec-luatex.sty
Package: fontspec-luatex 2020/02/03 v2.7h Font selection for XeLaTeX and LuaLaTe
X
\l__fontspec_script_int=\count176
\l__fontspec_language_int=\count177
\l__fontspec_strnum_int=\count178
\l__fontspec_tmp_int=\count179
\l__fontspec_tmpa_int=\count180
\l__fontspec_tmpb_int=\count181
\l__fontspec_tmpc_int=\count182
\l__fontspec_em_int=\count183
\l__fontspec_emdef_int=\count184
\l__fontspec_strong_int=\count185
\l__fontspec_strongdef_int=\count186
\l__fontspec_tmpa_dim=\dimen135
\l__fontspec_tmpb_dim=\dimen136
\l__fontspec_tmpc_dim=\dimen137

(/usr/share/texlive/texmf-dist/tex/latex/base/fontenc.sty
Package: fontenc 2020/02/11 v2.0o Standard LaTeX package
)
(/usr/share/texlive/texmf-dist/tex/latex/fontspec/fontspec.cfg)))
(/usr/share/texlive/texmf-dist/tex/luatex/luatexbase/luatexbase.sty
Package: luatexbase 2015/10/04 v1.3 luatexbase interface to LuaTeX 

(/usr/share/texlive/texmf-dist/tex/luatex/ctablestack/ctablestack.sty
Package: ctablestack 2015/10/01 v1.0 Catcode table stable support
\@catcodetablestackcnt=\count187
)
\CatcodeTableOther=\catcodetable5
\CatcodeTableExpl=\catcodetable6
)
(/usr/share/texlive/texmf-dist/tex/latex/metalogo/metalogo.sty
Package: metalogo 2010/05/29 v0.12 Extended TeX logo macros

(/usr/share/texlive/texmf-dist/tex/latex/graphics/graphicx.sty
Package: graphicx 2019/11/30 v1.2a Enhanced LaTeX Graphics (DPC,SPQR)

(/usr/share/texlive/texmf-dist/tex/latex/graphics/keyval.sty
Package: keyval 2014/10/28 v1.15 key=value parser (DPC)
\KV@toks@=\toks14
)
(/usr/share/texlive/texmf-dist/tex/latex/graphics/graphics.sty
Package: graphics 2019/11/30 v1.4a Standard LaTeX Graphics (DPC,SPQR)

(/usr/share/texlive/texmf-dist/tex/latex/graphics/trig.sty
Package: trig 2016/01/03 v1.10 sin cos tan (DPC)
)
(/usr/share/texlive/texmf-dist/tex/latex/graphics-cfg/graphics.cfg
File: graphics.cfg 2016/06/04 v1.11 sample graphics configuration
)
Package graphics Info: Driver file: luatex.def on input line 105.

(/usr/share/texlive/texmf-dist/tex/latex/graphics-def/luatex.def
File: luatex.def 2018/01/08 v1.0l Graphics/color driver for luatex
))
\Gin@req@height=\dimen138
\Gin@req@width=\dimen139
)
(/usr/share/texlive/texmf-dist/tex/generic/iftex/ifxetex.sty
Package: ifxetex 2019/10/25 v0.7 ifxetex legacy package. Use iftex instead.
)
\xl@everylogo=\toks15
\xl@@everylogo=\toks16
LaTeX Info: Redefining \TeX on input line 193.
LaTeX Info: Redefining \LaTeX on input line 202.
LaTeX Info: Redefining \LaTeXe on input line 219.
)
(/usr/share/texlive/texmf-dist/tex/lualatex/luacode/luacode.sty
Package: luacode 2012/01/23 v1.2a lua-in-tex helpers (mpg)
\luacode@lines=\toks17
\luacode@table@soft=\catcodetable7
)
(/usr/share/texlive/texmf-dist/tex/latex/base/fixltx2e.sty
Package: fixltx2e 2016/12/29 v2.1a fixes to LaTeX (obsolete)
Applying: [2015/01/01] Old fixltx2e package on input line 46.


Package fixltx2e Warning: fixltx2e is not required with releases after 2015
(fixltx2e)                All fixes are now in the LaTeX kernel.
(fixltx2e)                See the latexrelease package for details.

Already applied: [0000/00/00] Old fixltx2e package on input line 53.
)) (/usr/share/texlive/texmf-dist/tex/latex/polyglossia/polyglossia.sty
Package: polyglossia 2020/01/29 v1.47 Modern multilingual typesetting with XeLaT
eX and LuaLaTeX

(/usr/share/texlive/texmf-dist/tex/latex/etoolbox/etoolbox.sty
Package: etoolbox 2019/09/21 v2.5h e-TeX tools for LaTeX (JAW)
\etb@tempcnta=\count188
)
(/usr/share/texlive/texmf-dist/tex/latex/makecmds/makecmds.sty
Package: makecmds 2009/09/03 v1.0a extra command making commands
)
(/usr/share/texlive/texmf-dist/tex/latex/xkeyval/xkeyval.sty
Package: xkeyval 2014/12/03 v2.7a package option processing (HA)

(/usr/share/texlive/texmf-dist/tex/generic/xkeyval/xkeyval.tex
(/usr/share/texlive/texmf-dist/tex/generic/xkeyval/xkvutils.tex
\XKV@toks=\toks18
\XKV@tempa@toks=\toks19
)
\XKV@depth=\count189
File: xkeyval.tex 2014/12/03 v2.7a key=value parser (HA)
))
(/usr/share/texlive/texmf-dist/tex/latex/l3packages/l3keys2e/l3keys2e.sty
Package: l3keys2e 2020-02-14 LaTeX2e option processing using LaTeX3 keys
)
(/usr/share/texlive/texmf-dist/tex/latex/filehook/filehook.sty
Package: filehook 2020/02/03 v0.7 Hooks for input files
)
Lua module: polyglossia 2013/05/11 1.3 Polyglossia
(/usr/share/texlive/texmf-dist/tex/latex/polyglossia/gloss-latex.ldf
File: gloss-latex.ldf polyglossia: module for default language
The property list \polyglossia@langsetup contains the pairs (without outer
braces):
>  {latex/script}  =>  {latin}
>  {latex/lcscript}  =>  {latin}
>  {latex/scripttag}  =>  {}
>  {latex/language}  =>  {Latex}
>  {latex/langtag}  =>  {ENG}
>  {latex/bcp47}  =>  {}
>  {latex/hyphennames}  =>  {english}
>  {latex/direction}  =>  {LR}
>  {latex/hyphenmins}  =>  {2,3}
>  {latex/frenchspacing}  =>  {false}
>  {latex/indentfirst}  =>  {false}
>  {latex/fontsetup}  =>  {true}
>  {latex/envname}  =>  {latex}
>  {latex/babelname}  =>  {latex}
>  {latex/localnumeral}  =>  {polyglossia@C@localnumeral}
>  {latex/Localnumeral}  =>  {polyglossia@C@localnumeral}.
)
Package polyglossia Info: Default language is latex.
Package polyglossia Info: Option: localmarks.
)
luaotfload | cache : Lookup cache loaded from /home/enzo/.texlive2019/texmf-var/
luatex-cache/generic-dev/names/luaotfload-lookup-cache.luc.

Package fontspec Info: Font family 'LibertinusSerif(0)' created for font
(fontspec)             'Libertinus Serif' with options [Ligatures=TeX].
(fontspec)              
(fontspec)              This font family consists of the following NFSS
(fontspec)             series/shapes:
(fontspec)              
(fontspec)             - 'normal' (m/n) with NFSS spec.:
(fontspec)             <->"LibertinusSerif:mode=node;script=latn;language=dflt;+
tlig;"
(fontspec)             - 'small caps'  (m/sc) with NFSS spec.:
(fontspec)             <->"LibertinusSerif:mode=node;script=latn;language=dflt;+
tlig;+smcp;"
(fontspec)             - 'bold' (b/n) with NFSS spec.:
(fontspec)             <->"LibertinusSerif/B:mode=node;script=latn;language=dflt
;+tlig;"
(fontspec)             - 'bold small caps'  (b/sc) with NFSS spec.:
(fontspec)             <->"LibertinusSerif/B:mode=node;script=latn;language=dflt
;+tlig;+smcp;"
(fontspec)             - 'italic' (m/it) with NFSS spec.:
(fontspec)             <->"LibertinusSerif/I:mode=node;script=latn;language=dflt
;+tlig;"
(fontspec)             - 'italic small caps'  (m/scit) with NFSS spec.:
(fontspec)             <->"LibertinusSerif/I:mode=node;script=latn;language=dflt
;+tlig;+smcp;"
(fontspec)             - 'bold italic' (b/it) with NFSS spec.:
(fontspec)             <->"LibertinusSerif/BI:mode=node;script=latn;language=dfl
t;+tlig;"
(fontspec)             - 'bold italic small caps'  (b/scit) with NFSS spec.:
(fontspec)             <->"LibertinusSerif/BI:mode=node;script=latn;language=dfl
t;+tlig;+smcp;"


(/usr/share/texlive/texmf-dist/tex/latex/siunitx/siunitx.sty
Package: siunitx 2020/01/15 v2.7u A comprehensive (SI) units package

(/usr/share/texlive/texmf-dist/tex/latex/amsmath/amstext.sty
Package: amstext 2000/06/29 v2.01 AMS text

(/usr/share/texlive/texmf-dist/tex/latex/amsmath/amsgen.sty
File: amsgen.sty 1999/11/30 v2.0 generic functions
\@emptytoks=\toks20
\ex@=\dimen140
))
(/usr/share/texlive/texmf-dist/tex/latex/tools/array.sty
Package: array 2019/08/31 v2.4l Tabular extension package (FMi)
\col@sep=\dimen141
\ar@mcellbox=\box46
\extrarowheight=\dimen142
\NC@list=\toks21
\extratabsurround=\skip49
\backup@length=\skip50
\ar@cellbox=\box47
)
\l__siunitx_tmp_box=\box48
\l__siunitx_tmp_dim=\dimen143
\l__siunitx_tmp_int=\count190
\l__siunitx_number_mantissa_length_int=\count191
\l__siunitx_number_uncert_length_int=\count192
\l__siunitx_round_int=\count193
\l__siunitx_process_decimal_int=\count194
\l__siunitx_process_uncertainty_int=\count195
\l__siunitx_process_fixed_int=\count196
\l__siunitx_process_integer_min_int=\count197
\l__siunitx_process_precision_int=\count198
\l__siunitx_group_min_int=\count199
\l__siunitx_angle_marker_box=\box49
\l__siunitx_angle_unit_box=\box50
\l__siunitx_angle_marker_dim=\dimen144
\l__siunitx_angle_unit_dim=\dimen145
\l__siunitx_unit_int=\count266
\l__siunitx_unit_denominator_int=\count267
\l__siunitx_unit_numerator_int=\count268
\l__siunitx_unit_prefix_int=\count269
\l__siunitx_unit_prefix_base_int=\count270
\l__siunitx_unit_prefix_gram_int=\count271
\l__siunitx_number_product_int=\count272
\c__siunitx_one_fill_skip=\skip51
\l__siunitx_table_unit_align_skip=\skip52
\l__siunitx_table_exponent_dim=\dimen146
\l__siunitx_table_integer_dim=\dimen147
\l__siunitx_table_mantissa_dim=\dimen148
\l__siunitx_table_marker_dim=\dimen149
\l__siunitx_table_result_dim=\dimen150
\l__siunitx_table_uncert_dim=\dimen151
\l__siunitx_table_fill_pre_dim=\dimen152
\l__siunitx_table_fill_post_dim=\dimen153
\l__siunitx_table_fill_mid_dim=\dimen154
\l__siunitx_table_pre_box=\box51
\l__siunitx_table_post_box=\box52
\l__siunitx_table_mantissa_box=\box53
\l__siunitx_table_result_box=\box54
\l__siunitx_table_number_align_skip=\skip53
\l__siunitx_table_text_align_skip=\skip54

(/usr/share/texlive/texmf-dist/tex/latex/translator/translator.sty
Package: translator 2019-05-31 v1.12a Easy translation of strings in LaTeX
))
(/usr/share/texlive/texmf-dist/tex/latex/booktabs/booktabs.sty
Package: booktabs 2020/01/12 v1.61803398 Publication quality tables
\heavyrulewidth=\dimen155
\lightrulewidth=\dimen156
\cmidrulewidth=\dimen157
\belowrulesep=\dimen158
\belowbottomsep=\dimen159
\aboverulesep=\dimen160
\abovetopsep=\dimen161
\cmidrulesep=\dimen162
\cmidrulekern=\dimen163
\defaultaddspace=\dimen164
\@cmidla=\count273
\@cmidlb=\count274
\@aboverulesep=\dimen165
\@belowrulesep=\dimen166
\@thisruleclass=\count275
\@lastruleclass=\count276
\@thisrulewidth=\dimen167
)
(/usr/share/texlive/texmf-dist/tex/latex/tools/xspace.sty
Package: xspace 2014/10/28 v1.13 Space after command names (DPC,MH)
)
(/usr/share/texlive/texmf-dist/tex/latex/pict2e/pict2e.sty
Package: pict2e 2019/08/20 v0.3c Improved picture commands (HjG,RN,JT)

(/usr/share/texlive/texmf-dist/tex/latex/pict2e/pict2e.cfg
File: pict2e.cfg 2016/02/05 v0.1u pict2e configuration for teTeX/TeXLive
)
Package pict2e Info: Driver file: luatex.def on input line 119.
Package pict2e Info: Driver file for pict2e: p2e-luatex.def on input line 121.

(/usr/share/texlive/texmf-dist/tex/latex/pict2e/p2e-luatex.def
File: p2e-luatex.def 2016/02/05 v0.1u Driver-dependant file (RN,HjG,JT)
)
\pIIe@GRAPH=\toks22
\@arclen=\dimen168
\@arcrad=\dimen169
\@tempdimd=\dimen170
)
(/usr/share/texlive/texmf-dist/tex/latex/preprint/fullpage.sty
Package: fullpage 1999/02/23 1.1 (PWD)
\FP@margin=\skip55
)
(/usr/share/texlive/texmf-dist/tex/latex/eso-pic/eso-pic.sty
Package: eso-pic 2018/04/12 v2.0h eso-pic (RN)

(/usr/share/texlive/texmf-dist/tex/generic/atbegshi/atbegshi.sty
Package: atbegshi 2019/12/05 v1.19 At begin shipout hook (HO)

(/usr/share/texlive/texmf-dist/tex/generic/infwarerr/infwarerr.sty
Package: infwarerr 2019/12/03 v1.5 Providing info/warning/error messages (HO)
)
(/usr/share/texlive/texmf-dist/tex/generic/ltxcmds/ltxcmds.sty
Package: ltxcmds 2019/12/15 v1.24 LaTeX kernel commands for general use (HO)
))
(/usr/share/texlive/texmf-dist/tex/latex/xcolor/xcolor.sty
Package: xcolor 2016/05/11 v2.12 LaTeX color extensions (UK)

(/usr/share/texlive/texmf-dist/tex/latex/graphics-cfg/color.cfg
File: color.cfg 2016/01/02 v1.6 sample color configuration
)
Package xcolor Info: Driver file: luatex.def on input line 225.
Package xcolor Info: Model `cmy' substituted by `cmy0' on input line 1348.
Package xcolor Info: Model `hsb' substituted by `rgb' on input line 1352.
Package xcolor Info: Model `RGB' extended on input line 1364.
Package xcolor Info: Model `HTML' substituted by `rgb' on input line 1366.
Package xcolor Info: Model `Hsb' substituted by `hsb' on input line 1367.
Package xcolor Info: Model `tHsb' substituted by `hsb' on input line 1368.
Package xcolor Info: Model `HSB' substituted by `hsb' on input line 1369.
Package xcolor Info: Model `Gray' substituted by `gray' on input line 1370.
Package xcolor Info: Model `wave' substituted by `hsb' on input line 1371.
))
(/usr/share/texlive/texmf-dist/tex/latex/polyglossia/gloss-english.ldf
File: gloss-english.ldf polyglossia: module for english
The property list \polyglossia@langsetup contains the pairs (without outer
braces):
>  {latex/script}  =>  {latin}
>  {latex/lcscript}  =>  {latin}
>  {latex/scripttag}  =>  {}
>  {latex/language}  =>  {Latex}
>  {latex/langtag}  =>  {ENG}
>  {latex/bcp47}  =>  {}
>  {latex/hyphennames}  =>  {english}
>  {latex/direction}  =>  {LR}
>  {latex/hyphenmins}  =>  {2,3}
>  {latex/frenchspacing}  =>  {false}
>  {latex/indentfirst}  =>  {false}
>  {latex/fontsetup}  =>  {true}
>  {latex/envname}  =>  {latex}
>  {latex/babelname}  =>  {latex}
>  {latex/localnumeral}  =>  {polyglossia@C@localnumeral}
>  {latex/Localnumeral}  =>  {polyglossia@C@localnumeral}
>  {english/script}  =>  {latin}
>  {english/lcscript}  =>  {latin}
>  {english/scripttag}  =>  {}
>  {english/language}  =>  {English}
>  {english/langtag}  =>  {ENG}
>  {english/bcp47}  =>  {en-US}
>  {english/hyphennames}  =>  {english,american,usenglish,USenglish}
>  {english/direction}  =>  {LR}
>  {english/hyphenmins}  =>  {2,3}
>  {english/frenchspacing}  =>  {false}
>  {english/indentfirst}  =>  {false}
>  {english/fontsetup}  =>  {true}
>  {english/envname}  =>  {english}
>  {english/babelname}  =>  {english}
>  {english/localnumeral}  =>  {polyglossia@C@localnumeral}
>  {english/Localnumeral}  =>  {polyglossia@C@localnumeral}.
Package polyglossia Info: Option: English, variant=american.
)
Package polyglossia Info: Default language is english.

(/usr/share/texlive/texmf-dist/tex/latex/polyglossia/gloss-french.ldf
File: gloss-french.ldf polyglossia: module for french
The property list \polyglossia@langsetup contains the pairs (without outer
braces):
>  {latex/script}  =>  {latin}
>  {latex/lcscript}  =>  {latin}
>  {latex/scripttag}  =>  {}
>  {latex/language}  =>  {Latex}
>  {latex/langtag}  =>  {ENG}
>  {latex/bcp47}  =>  {}
>  {latex/hyphennames}  =>  {english}
>  {latex/direction}  =>  {LR}
>  {latex/hyphenmins}  =>  {2,3}
>  {latex/frenchspacing}  =>  {false}
>  {latex/indentfirst}  =>  {false}
>  {latex/fontsetup}  =>  {true}
>  {latex/envname}  =>  {latex}
>  {latex/babelname}  =>  {latex}
>  {latex/localnumeral}  =>  {polyglossia@C@localnumeral}
>  {latex/Localnumeral}  =>  {polyglossia@C@localnumeral}
>  {english/script}  =>  {latin}
>  {english/lcscript}  =>  {latin}
>  {english/scripttag}  =>  {}
>  {english/language}  =>  {English}
>  {english/langtag}  =>  {ENG}
>  {english/bcp47}  =>  {en-US}
>  {english/hyphennames}  =>  {english,american,usenglish,USenglish}
>  {english/direction}  =>  {LR}
>  {english/hyphenmins}  =>  {2,3}
>  {english/frenchspacing}  =>  {false}
>  {english/indentfirst}  =>  {false}
>  {english/fontsetup}  =>  {true}
>  {english/envname}  =>  {english}
>  {english/babelname}  =>  {american}
>  {english/localnumeral}  =>  {polyglossia@C@localnumeral}
>  {english/Localnumeral}  =>  {polyglossia@C@localnumeral}
>  {french/script}  =>  {Latin}
>  {french/lcscript}  =>  {latin}
>  {french/scripttag}  =>  {}
>  {french/language}  =>  {French}
>  {french/langtag}  =>  {FRA}
>  {french/bcp47}  =>  {fr-FR}
>  {french/hyphennames}  =>  {french,francais}
>  {french/direction}  =>  {LR}
>  {french/hyphenmins}  =>  {2,2}
>  {french/frenchspacing}  =>  {true}
>  {french/indentfirst}  =>  {true}
>  {french/fontsetup}  =>  {true}
>  {french/envname}  =>  {french}
>  {french/babelname}  =>  {french}
>  {french/localnumeral}  =>  {polyglossia@C@localnumeral}
>  {french/Localnumeral}  =>  {polyglossia@C@localnumeral}.
Module polyglossia Info: Language data for french
(polyglossia)            patterns	hyph-fr.pat.txt
(polyglossia)            lefthyphenmin	2
(polyglossia)            hyphenation	
(polyglossia)            loader	loadhyph-fr.tex
(polyglossia)            righthyphenmin	2
(polyglossia)            synonyms	patois,francais on input line 12
Module polyglossia Info: Language french was not yet loaded; created with id 2 o
n input line 12
Lua-only attribute polyglossia_punct = 6
Package polyglossia Info: Option: French, variant=french.
)
(/usr/share/texlive/texmf-dist/tex/latex/geometry/geometry.sty
Package: geometry 2020/01/02 v5.9 Page Geometry

(/usr/share/texlive/texmf-dist/tex/generic/iftex/ifvtex.sty
Package: ifvtex 2019/10/25 v1.7 ifvtex legacy package. Use iftex instead.
)
\Gm@cnth=\count277
\Gm@cntv=\count278
\c@Gm@tempcnt=\count279
\Gm@bindingoffset=\dimen171
\Gm@wd@mp=\dimen172
\Gm@odd@mp=\dimen173
\Gm@even@mp=\dimen174
\Gm@layoutwidth=\dimen175
\Gm@layoutheight=\dimen176
\Gm@layouthoffset=\dimen177
\Gm@layoutvoffset=\dimen178
\Gm@dimlist=\toks23
)
(/usr/share/texlive/texmf-dist/tex/latex/amsmath/amsmath.sty
Package: amsmath 2020/01/20 v2.17e AMS math features
\@mathmargin=\skip56

For additional information on amsmath, use the `?' option.
(/usr/share/texlive/texmf-dist/tex/latex/amsmath/amsbsy.sty
Package: amsbsy 1999/11/29 v1.2d Bold Symbols
\pmbraise@=\dimen179
)
(/usr/share/texlive/texmf-dist/tex/latex/amsmath/amsopn.sty
Package: amsopn 2016/03/08 v2.02 operator names
)
\inf@bad=\count280
LaTeX Info: Redefining \frac on input line 227.
\uproot@=\count281
\leftroot@=\count282
LaTeX Info: Redefining \overline on input line 389.
\classnum@=\count283
\DOTSCASE@=\count284
LaTeX Info: Redefining \ldots on input line 486.
LaTeX Info: Redefining \dots on input line 489.
LaTeX Info: Redefining \cdots on input line 610.
\Mathstrutbox@=\box55
\strutbox@=\box56
\big@size=\dimen180
LaTeX Font Info:    Redeclaring font encoding OML on input line 733.
LaTeX Font Info:    Redeclaring font encoding OMS on input line 734.
\macc@depth=\count285
\c@MaxMatrixCols=\count286
\dotsspace@=\muskip16
\c@parentequation=\count287
\dspbrk@lvl=\count288
\tag@help=\toks24
\row@=\count289
\column@=\count290
\maxfields@=\count291
\andhelp@=\toks25
\eqnshift@=\dimen181
\alignsep@=\dimen182
\tagshift@=\dimen183
\tagwidth@=\dimen184
\totwidth@=\dimen185
\lineht@=\dimen186
\@envbody=\toks26
\multlinegap=\skip57
\multlinetaggap=\skip58
\mathdisplay@stack=\toks27
LaTeX Info: Redefining \[ on input line 2859.
LaTeX Info: Redefining \] on input line 2860.
)
(/usr/share/texlive/texmf-dist/tex/latex/amsfonts/amsfonts.sty
Package: amsfonts 2013/01/14 v3.01 Basic AMSFonts support
\symAMSa=\mathgroup4
\symAMSb=\mathgroup5
LaTeX Font Info:    Redeclaring math symbol \hbar on input line 98.
LaTeX Font Info:    Overwriting math alphabet `\mathfrak' in version `bold'
(Font)                  U/euf/m/n --> U/euf/b/n on input line 106.
)
(/usr/share/texlive/texmf-dist/tex/latex/amsfonts/amssymb.sty
Package: amssymb 2013/01/14 v3.01 AMS font symbols
)
(/usr/share/texlive/texmf-dist/tex/latex/amscls/amsthm.sty
Package: amsthm 2017/10/31 v2.20.4
\thm@style=\toks28
\thm@bodyfont=\toks29
\thm@headfont=\toks30
\thm@notefont=\toks31
\thm@headpunct=\toks32
\thm@preskip=\skip59
\thm@postskip=\skip60
\thm@headsep=\skip61
\dth@everypar=\toks33
)
(/usr/share/texlive/texmf-dist/tex/latex/unicode-math/unicode-math.sty
Package: unicode-math 2020/01/31 v0.8q Unicode maths in XeLaTeX and LuaLaTeX

(/usr/share/texlive/texmf-dist/tex/latex/unicode-math/unicode-math-luatex.sty
Package: unicode-math-luatex 2020/01/31 v0.8q Unicode maths in XeLaTeX and LuaLa
TeX

(/usr/share/texlive/texmf-dist/tex/latex/base/fix-cm.sty
Package: fix-cm 2015/01/14 v1.1t fixes to LaTeX

(/usr/share/texlive/texmf-dist/tex/latex/base/ts1enc.def
File: ts1enc.def 2001/06/05 v3.0e (jk/car/fm) Standard LaTeX file
LaTeX Font Info:    Redeclaring font encoding TS1 on input line 47.
))
(/usr/share/texlive/texmf-dist/tex/lualatex/lualatex-math/lualatex-math.sty
Package: lualatex-math 2019/01/21 v1.8 Patches for mathematics typesetting with 
LuaLaTeX
Lua module: lualatex-math 2013/08/03 1.3 Patches for mathematics typesetting wit
h LuaLaTeX

Package lualatex-math Info: I'm going to patch macro \subarray.


Package lualatex-math Info: I'm going to patch macro \frac .


Package lualatex-math Info: I'm going to patch macro \genfrac .

)
\g__um_fam_int=\count292
\g__um_fonts_used_int=\count293
\l__um_primecount_int=\count294
\g__um_primekern_muskip=\muskip17

(/usr/share/texlive/texmf-dist/tex/latex/unicode-math/unicode-math-table.tex))) (/usr/share/texlive/texmf-dist/tex/latex/hyperref/hyperref.sty
Package: hyperref 2020/01/14 v7.00d Hypertext links for LaTeX

(/usr/share/texlive/texmf-dist/tex/latex/pdftexcmds/pdftexcmds.sty
Package: pdftexcmds 2019/11/24 v0.31 Utility functions of pdfTeX for LuaTeX (HO)

Package pdftexcmds Info: \pdf@primitive is available.
Package pdftexcmds Info: \pdf@ifprimitive is available.
Package pdftexcmds Info: \pdfdraftmode found.
\pdftexcmds@toks=\toks34
)
(/usr/share/texlive/texmf-dist/tex/generic/kvsetkeys/kvsetkeys.sty
Package: kvsetkeys 2019/12/15 v1.18 Key value parser (HO)
)
(/usr/share/texlive/texmf-dist/tex/generic/kvdefinekeys/kvdefinekeys.sty
Package: kvdefinekeys 2019-12-19 v1.6 Define keys (HO)
)
(/usr/share/texlive/texmf-dist/tex/generic/pdfescape/pdfescape.sty
Package: pdfescape 2019/12/09 v1.15 Implements pdfTeX's escape features (HO)
)
(/usr/share/texlive/texmf-dist/tex/latex/hycolor/hycolor.sty
Package: hycolor 2020-01-27 v1.10 Color options for hyperref/bookmark (HO)
)
(/usr/share/texlive/texmf-dist/tex/latex/letltxmacro/letltxmacro.sty
Package: letltxmacro 2019/12/03 v1.6 Let assignment for LaTeX macros (HO)
)
(/usr/share/texlive/texmf-dist/tex/latex/auxhook/auxhook.sty
Package: auxhook 2019-12-17 v1.6 Hooks for auxiliary files (HO)
)
(/usr/share/texlive/texmf-dist/tex/latex/kvoptions/kvoptions.sty
Package: kvoptions 2019/11/29 v3.13 Key value format for package options (HO)
)
\@linkdim=\dimen187
\Hy@linkcounter=\count295
\Hy@pagecounter=\count296

(/usr/share/texlive/texmf-dist/tex/latex/hyperref/pd1enc.def
File: pd1enc.def 2020/01/14 v7.00d Hyperref: PDFDocEncoding definition (HO)
)
(/usr/share/texlive/texmf-dist/tex/generic/intcalc/intcalc.sty
Package: intcalc 2019/12/15 v1.3 Expandable calculations with integers (HO)
)
(/usr/share/texlive/texmf-dist/tex/generic/etexcmds/etexcmds.sty
Package: etexcmds 2019/12/15 v1.7 Avoid name clashes with e-TeX commands (HO)
)
\Hy@SavedSpaceFactor=\count297
Package hyperref Info: Hyper figures OFF on input line 4547.
Package hyperref Info: Link nesting OFF on input line 4552.
Package hyperref Info: Hyper index ON on input line 4555.
Package hyperref Info: Plain pages OFF on input line 4562.
Package hyperref Info: Backreferencing OFF on input line 4567.
Package hyperref Info: Implicit mode ON; LaTeX internals redefined.
Package hyperref Info: Bookmarks ON on input line 4800.
\c@Hy@tempcnt=\count298

(/usr/share/texlive/texmf-dist/tex/latex/url/url.sty
\Urlmuskip=\muskip18
Package: url 2013/09/16  ver 3.4  Verb mode for urls, etc.
)
LaTeX Info: Redefining \url on input line 5159.
\XeTeXLinkMargin=\dimen188

(/usr/share/texlive/texmf-dist/tex/generic/bitset/bitset.sty
Package: bitset 2019/12/09 v1.3 Handle bit-vector datatype (HO)

(/usr/share/texlive/texmf-dist/tex/generic/bigintcalc/bigintcalc.sty
Package: bigintcalc 2019/12/15 v1.5 Expandable calculations on big integers (HO)

))
\Fld@menulength=\count299
\Field@Width=\dimen189
\Fld@charsize=\dimen190
Package hyperref Info: Hyper figures OFF on input line 6430.
Package hyperref Info: Link nesting OFF on input line 6435.
Package hyperref Info: Hyper index ON on input line 6438.
Package hyperref Info: backreferencing OFF on input line 6445.
Package hyperref Info: Link coloring OFF on input line 6450.
Package hyperref Info: Link coloring with OCG OFF on input line 6455.
Package hyperref Info: PDF/A mode OFF on input line 6460.
LaTeX Info: Redefining \ref on input line 6500.
LaTeX Info: Redefining \pageref on input line 6504.
\Hy@abspage=\count300
\c@Item=\count301
\c@Hfootnote=\count302
)
Package hyperref Info: Driver (autodetected): hluatex.

(/usr/share/texlive/texmf-dist/tex/latex/hyperref/hluatex.def
File: hluatex.def 2020/01/14 v7.00d Hyperref driver for luaTeX

(/usr/share/texlive/texmf-dist/tex/latex/hyperref/puenc.def
File: puenc.def 2020/01/14 v7.00d Hyperref: PDF Unicode definition (HO)
)
(/usr/share/texlive/texmf-dist/tex/generic/stringenc/stringenc.sty
Package: stringenc 2019/11/29 v1.12 Convert strings between diff. encodings (HO)

)
(/usr/share/texlive/texmf-dist/tex/latex/atveryend/atveryend.sty
Package: atveryend 2019-12-11 v1.11 Hooks at the very end of document (HO)
)
\Fld@listcount=\count303
\c@bookmark@seq@number=\count304

(/usr/share/texlive/texmf-dist/tex/latex/rerunfilecheck/rerunfilecheck.sty
Package: rerunfilecheck 2019/12/05 v1.9 Rerun checks for auxiliary files (HO)

(/usr/share/texlive/texmf-dist/tex/generic/uniquecounter/uniquecounter.sty
Package: uniquecounter 2019/12/15 v1.4 Provide unlimited unique counter (HO)
)
Package uniquecounter Info: New unique counter `rerunfilecheck' on input line 28
6.
)
\Hy@SectionHShift=\skip62
)
(/usr/share/texlive/texmf-dist/tex/latex/lipsum/lipsum.sty
Package: lipsum 2019/01/02 v2.2 150 paragraphs of Lorem Ipsum dummy text

(/usr/share/texlive/texmf-dist/tex/latex/lipsum/lipsum.ltd.tex
File: lipsum.ltd.tex 2019/01/02 v2.2 The Lorem ipsum dummy text
))
(/usr/share/texlive/texmf-dist/tex/latex/caption/caption.sty
Package: caption 2020/01/03 v3.4h Customizing captions (AR)

(/usr/share/texlive/texmf-dist/tex/latex/caption/caption3.sty
Package: caption3 2020/01/03 v1.8h caption3 kernel (AR)
Package caption3 Info: TeX engine: e-TeX on input line 61.
\captionmargin=\dimen191
\captionmargin@=\dimen192
\captionwidth=\dimen193
\caption@tempdima=\dimen194
\caption@indent=\dimen195
\caption@parindent=\dimen196
\caption@hangindent=\dimen197
Package caption Info: Standard document class detected.
)
\c@caption@flags=\count305
\c@continuedfloat=\count306
Package caption Info: hyperref package is loaded.
)
(/usr/share/texlive/texmf-dist/tex/latex/enumitem/enumitem.sty
Package: enumitem 2019/06/20 v3.9 Customized lists
\labelindent=\skip63
\enit@outerparindent=\dimen198
\enit@toks=\toks35
\enit@inbox=\box57
\enit@count@id=\count307
\enitdp@description=\count308
)
(/usr/share/texlive/texmf-dist/tex/latex/tools/multicol.sty
Package: multicol 2019/12/09 v1.8y multicolumn formatting (FMi)
\c@tracingmulticols=\count309
\mult@box=\box58
\multicol@leftmargin=\dimen199
\c@unbalance=\count310
\c@collectmore=\count311
\doublecol@number=\count312
\multicoltolerance=\count313
\multicolpretolerance=\count314
\full@width=\dimen256
\page@free=\dimen257
\premulticols=\dimen258
\postmulticols=\dimen259
\multicolsep=\skip64
\multicolbaselineskip=\skip65
\partial@page=\box59
\last@line=\box60
\maxbalancingoverflow=\dimen260
\mult@rightbox=\box61
\mult@grightbox=\box62
\mult@gfirstbox=\box63
\mult@firstbox=\box64
\@tempa=\box65
\@tempa=\box66
\@tempa=\box67
\@tempa=\box68
\@tempa=\box69
\@tempa=\box70
\@tempa=\box71
\@tempa=\box72
\@tempa=\box73
\@tempa=\box74
\@tempa=\box75
\@tempa=\box76
\@tempa=\box77
\@tempa=\box78
\@tempa=\box79
\@tempa=\box80
\@tempa=\box81
\@tempa=\box82
\@tempa=\box83
\@tempa=\box84
\@tempa=\box85
\@tempa=\box86
\@tempa=\box87
\@tempa=\box88
\@tempa=\box89
\@tempa=\box90
\@tempa=\box91
\@tempa=\box92
\@tempa=\box93
\@tempa=\box94
\@tempa=\box95
\@tempa=\box96
\@tempa=\box97
\@tempa=\box98
\@tempa=\box99
\@tempa=\box100
\@tempa=\box101
\c@minrows=\count315
\c@columnbadness=\count316
\c@finalcolumnbadness=\count317
\last@try=\dimen261
\multicolovershoot=\dimen262
\multicolundershoot=\dimen263
\mult@nat@firstbox=\box102
\colbreak@box=\box103
\mc@col@check@num=\count318
)
(/usr/share/texlive/texmf-dist/tex/latex/caption/subcaption.sty
Package: subcaption 2020/01/22 v1.3d Sub-captions (AR)
\c@subfigure=\count319
\c@subtable=\count320
)
(/usr/share/texlive/texmf-dist/tex/latex/pgf/frontendlayer/tikz.sty
(/usr/share/texlive/texmf-dist/tex/latex/pgf/basiclayer/pgf.sty
(/usr/share/texlive/texmf-dist/tex/latex/pgf/utilities/pgfrcs.sty
(/usr/share/texlive/texmf-dist/tex/generic/pgf/utilities/pgfutil-common.tex
\pgfutil@everybye=\toks36
\pgfutil@tempdima=\dimen264
\pgfutil@tempdimb=\dimen265

(/usr/share/texlive/texmf-dist/tex/generic/pgf/utilities/pgfutil-common-lists.t
ex)) (/usr/share/texlive/texmf-dist/tex/generic/pgf/utilities/pgfutil-latex.def
\pgfutil@abb=\box104
(/usr/share/texlive/texmf-dist/tex/latex/ms/everyshi.sty
Package: everyshi 2001/05/15 v3.00 EveryShipout Package (MS)
))
(/usr/share/texlive/texmf-dist/tex/generic/pgf/utilities/pgfrcs.code.tex
(/usr/share/texlive/texmf-dist/tex/generic/pgf/pgf.revision.tex)
Package: pgfrcs 2020/01/08 v3.1.5b (3.1.5b)
))
Package: pgf 2020/01/08 v3.1.5b (3.1.5b)

(/usr/share/texlive/texmf-dist/tex/latex/pgf/basiclayer/pgfcore.sty
(/usr/share/texlive/texmf-dist/tex/latex/pgf/systemlayer/pgfsys.sty
(/usr/share/texlive/texmf-dist/tex/generic/pgf/systemlayer/pgfsys.code.tex
Package: pgfsys 2020/01/08 v3.1.5b (3.1.5b)

(/usr/share/texlive/texmf-dist/tex/generic/pgf/utilities/pgfkeys.code.tex
\pgfkeys@pathtoks=\toks37
\pgfkeys@temptoks=\toks38

(/usr/share/texlive/texmf-dist/tex/generic/pgf/utilities/pgfkeysfiltered.code.t
ex
\pgfkeys@tmptoks=\toks39
))
\pgf@x=\dimen266
\pgf@y=\dimen267
\pgf@xa=\dimen268
\pgf@ya=\dimen269
\pgf@xb=\dimen270
\pgf@yb=\dimen271
\pgf@xc=\dimen272
\pgf@yc=\dimen273
\pgf@xd=\dimen274
\pgf@yd=\dimen275
\w@pgf@writea=\write3
\r@pgf@reada=\read2
\c@pgf@counta=\count321
\c@pgf@countb=\count322
\c@pgf@countc=\count323
\c@pgf@countd=\count324
\t@pgf@toka=\toks40
\t@pgf@tokb=\toks41
\t@pgf@tokc=\toks42
\pgf@sys@id@count=\count325
 (/usr/share/texlive/texmf-dist/tex/generic/pgf/systemlayer/pgf.cfg
File: pgf.cfg 2020/01/08 v3.1.5b (3.1.5b)
)
Driver file for pgf: pgfsys-luatex.def

(/usr/share/texlive/texmf-dist/tex/generic/pgf/systemlayer/pgfsys-luatex.def
File: pgfsys-luatex.def 2020/01/08 v3.1.5b (3.1.5b)

(/usr/share/texlive/texmf-dist/tex/generic/pgf/systemlayer/pgfsys-common-pdf.de
f
File: pgfsys-common-pdf.def 2020/01/08 v3.1.5b (3.1.5b)
)))
(/usr/share/texlive/texmf-dist/tex/generic/pgf/systemlayer/pgfsyssoftpath.code.
tex
File: pgfsyssoftpath.code.tex 2020/01/08 v3.1.5b (3.1.5b)
\pgfsyssoftpath@smallbuffer@items=\count326
\pgfsyssoftpath@bigbuffer@items=\count327
)
(/usr/share/texlive/texmf-dist/tex/generic/pgf/systemlayer/pgfsysprotocol.code.
tex
File: pgfsysprotocol.code.tex 2020/01/08 v3.1.5b (3.1.5b)
))
(/usr/share/texlive/texmf-dist/tex/generic/pgf/basiclayer/pgfcore.code.tex
Package: pgfcore 2020/01/08 v3.1.5b (3.1.5b)

(/usr/share/texlive/texmf-dist/tex/generic/pgf/math/pgfmath.code.tex
(/usr/share/texlive/texmf-dist/tex/generic/pgf/math/pgfmathcalc.code.tex
(/usr/share/texlive/texmf-dist/tex/generic/pgf/math/pgfmathutil.code.tex)
(/usr/share/texlive/texmf-dist/tex/generic/pgf/math/pgfmathparser.code.tex
\pgfmath@dimen=\dimen276
\pgfmath@count=\count328
\pgfmath@box=\box105
\pgfmath@toks=\toks43
\pgfmath@stack@operand=\toks44
\pgfmath@stack@operation=\toks45
)
(/usr/share/texlive/texmf-dist/tex/generic/pgf/math/pgfmathfunctions.code.tex
(/usr/share/texlive/texmf-dist/tex/generic/pgf/math/pgfmathfunctions.basic.code
.tex)
(/usr/share/texlive/texmf-dist/tex/generic/pgf/math/pgfmathfunctions.trigonomet
ric.code.tex)
(/usr/share/texlive/texmf-dist/tex/generic/pgf/math/pgfmathfunctions.random.cod
e.tex)
(/usr/share/texlive/texmf-dist/tex/generic/pgf/math/pgfmathfunctions.comparison
.code.tex)
(/usr/share/texlive/texmf-dist/tex/generic/pgf/math/pgfmathfunctions.base.code.
tex)
(/usr/share/texlive/texmf-dist/tex/generic/pgf/math/pgfmathfunctions.round.code
.tex)
(/usr/share/texlive/texmf-dist/tex/generic/pgf/math/pgfmathfunctions.misc.code.
tex)
(/usr/share/texlive/texmf-dist/tex/generic/pgf/math/pgfmathfunctions.integerari
thmetics.code.tex)))
(/usr/share/texlive/texmf-dist/tex/generic/pgf/math/pgfmathfloat.code.tex
\c@pgfmathroundto@lastzeros=\count329
))
(/usr/share/texlive/texmf-dist/tex/generic/pgf/math/pgfint.code.tex)
(/usr/share/texlive/texmf-dist/tex/generic/pgf/basiclayer/pgfcorepoints.code.te
x
File: pgfcorepoints.code.tex 2020/01/08 v3.1.5b (3.1.5b)
\pgf@picminx=\dimen277
\pgf@picmaxx=\dimen278
\pgf@picminy=\dimen279
\pgf@picmaxy=\dimen280
\pgf@pathminx=\dimen281
\pgf@pathmaxx=\dimen282
\pgf@pathminy=\dimen283
\pgf@pathmaxy=\dimen284
\pgf@xx=\dimen285
\pgf@xy=\dimen286
\pgf@yx=\dimen287
\pgf@yy=\dimen288
\pgf@zx=\dimen289
\pgf@zy=\dimen290
)
(/usr/share/texlive/texmf-dist/tex/generic/pgf/basiclayer/pgfcorepathconstruct.
code.tex
File: pgfcorepathconstruct.code.tex 2020/01/08 v3.1.5b (3.1.5b)
\pgf@path@lastx=\dimen291
\pgf@path@lasty=\dimen292
)
(/usr/share/texlive/texmf-dist/tex/generic/pgf/basiclayer/pgfcorepathusage.code
.tex
File: pgfcorepathusage.code.tex 2020/01/08 v3.1.5b (3.1.5b)
\pgf@shorten@end@additional=\dimen293
\pgf@shorten@start@additional=\dimen294
)
(/usr/share/texlive/texmf-dist/tex/generic/pgf/basiclayer/pgfcorescopes.code.te
x
File: pgfcorescopes.code.tex 2020/01/08 v3.1.5b (3.1.5b)
\pgfpic=\box106
\pgf@hbox=\box107
\pgf@layerbox@main=\box108
\pgf@picture@serial@count=\count330
)
(/usr/share/texlive/texmf-dist/tex/generic/pgf/basiclayer/pgfcoregraphicstate.c
ode.tex
File: pgfcoregraphicstate.code.tex 2020/01/08 v3.1.5b (3.1.5b)
\pgflinewidth=\dimen295
)
(/usr/share/texlive/texmf-dist/tex/generic/pgf/basiclayer/pgfcoretransformation
s.code.tex
File: pgfcoretransformations.code.tex 2020/01/08 v3.1.5b (3.1.5b)
\pgf@pt@x=\dimen296
\pgf@pt@y=\dimen297
\pgf@pt@temp=\dimen298
)
(/usr/share/texlive/texmf-dist/tex/generic/pgf/basiclayer/pgfcorequick.code.tex
File: pgfcorequick.code.tex 2020/01/08 v3.1.5b (3.1.5b)
)
(/usr/share/texlive/texmf-dist/tex/generic/pgf/basiclayer/pgfcoreobjects.code.t
ex
File: pgfcoreobjects.code.tex 2020/01/08 v3.1.5b (3.1.5b)
)
(/usr/share/texlive/texmf-dist/tex/generic/pgf/basiclayer/pgfcorepathprocessing
.code.tex
File: pgfcorepathprocessing.code.tex 2020/01/08 v3.1.5b (3.1.5b)
)
(/usr/share/texlive/texmf-dist/tex/generic/pgf/basiclayer/pgfcorearrows.code.te
x
File: pgfcorearrows.code.tex 2020/01/08 v3.1.5b (3.1.5b)
\pgfarrowsep=\dimen299
)
(/usr/share/texlive/texmf-dist/tex/generic/pgf/basiclayer/pgfcoreshade.code.tex
File: pgfcoreshade.code.tex 2020/01/08 v3.1.5b (3.1.5b)
\pgf@max=\dimen300
\pgf@sys@shading@range@num=\count331
\pgf@shadingcount=\count332
)
(/usr/share/texlive/texmf-dist/tex/generic/pgf/basiclayer/pgfcoreimage.code.tex
File: pgfcoreimage.code.tex 2020/01/08 v3.1.5b (3.1.5b)

(/usr/share/texlive/texmf-dist/tex/generic/pgf/basiclayer/pgfcoreexternal.code.
tex
File: pgfcoreexternal.code.tex 2020/01/08 v3.1.5b (3.1.5b)
\pgfexternal@startupbox=\box109
))
(/usr/share/texlive/texmf-dist/tex/generic/pgf/basiclayer/pgfcorelayers.code.te
x
File: pgfcorelayers.code.tex 2020/01/08 v3.1.5b (3.1.5b)
)
(/usr/share/texlive/texmf-dist/tex/generic/pgf/basiclayer/pgfcoretransparency.c
ode.tex
File: pgfcoretransparency.code.tex 2020/01/08 v3.1.5b (3.1.5b)
)
(/usr/share/texlive/texmf-dist/tex/generic/pgf/basiclayer/pgfcorepatterns.code.
tex
File: pgfcorepatterns.code.tex 2020/01/08 v3.1.5b (3.1.5b)
)
(/usr/share/texlive/texmf-dist/tex/generic/pgf/basiclayer/pgfcorerdf.code.tex
File: pgfcorerdf.code.tex 2020/01/08 v3.1.5b (3.1.5b)
)))
(/usr/share/texlive/texmf-dist/tex/generic/pgf/modules/pgfmoduleshapes.code.tex
File: pgfmoduleshapes.code.tex 2020/01/08 v3.1.5b (3.1.5b)
\pgfnodeparttextbox=\box110
) (/usr/share/texlive/texmf-dist/tex/generic/pgf/modules/pgfmoduleplot.code.tex
File: pgfmoduleplot.code.tex 2020/01/08 v3.1.5b (3.1.5b)
)
(/usr/share/texlive/texmf-dist/tex/latex/pgf/compatibility/pgfcomp-version-0-65
.sty
Package: pgfcomp-version-0-65 2020/01/08 v3.1.5b (3.1.5b)
\pgf@nodesepstart=\dimen301
\pgf@nodesepend=\dimen302
)
(/usr/share/texlive/texmf-dist/tex/latex/pgf/compatibility/pgfcomp-version-1-18
.sty
Package: pgfcomp-version-1-18 2020/01/08 v3.1.5b (3.1.5b)
)) (/usr/share/texlive/texmf-dist/tex/latex/pgf/utilities/pgffor.sty
(/usr/share/texlive/texmf-dist/tex/latex/pgf/utilities/pgfkeys.sty
(/usr/share/texlive/texmf-dist/tex/generic/pgf/utilities/pgfkeys.code.tex))
(/usr/share/texlive/texmf-dist/tex/latex/pgf/math/pgfmath.sty
(/usr/share/texlive/texmf-dist/tex/generic/pgf/math/pgfmath.code.tex))
(/usr/share/texlive/texmf-dist/tex/generic/pgf/utilities/pgffor.code.tex
Package: pgffor 2020/01/08 v3.1.5b (3.1.5b)

(/usr/share/texlive/texmf-dist/tex/generic/pgf/math/pgfmath.code.tex)
\pgffor@iter=\dimen303
\pgffor@skip=\dimen304
\pgffor@stack=\toks46
\pgffor@toks=\toks47
))
(/usr/share/texlive/texmf-dist/tex/generic/pgf/frontendlayer/tikz/tikz.code.tex
Package: tikz 2020/01/08 v3.1.5b (3.1.5b)

(/usr/share/texlive/texmf-dist/tex/generic/pgf/libraries/pgflibraryplothandlers
.code.tex
File: pgflibraryplothandlers.code.tex 2020/01/08 v3.1.5b (3.1.5b)
\pgf@plot@mark@count=\count333
\pgfplotmarksize=\dimen305
)
\tikz@lastx=\dimen306
\tikz@lasty=\dimen307
\tikz@lastxsaved=\dimen308
\tikz@lastysaved=\dimen309
\tikz@lastmovetox=\dimen310
\tikz@lastmovetoy=\dimen311
\tikzleveldistance=\dimen312
\tikzsiblingdistance=\dimen313
\tikz@figbox=\box111
\tikz@figbox@bg=\box112
\tikz@tempbox=\box113
\tikz@tempbox@bg=\box114
\tikztreelevel=\count334
\tikznumberofchildren=\count335
\tikznumberofcurrentchild=\count336
\tikz@fig@count=\count337

(/usr/share/texlive/texmf-dist/tex/generic/pgf/modules/pgfmodulematrix.code.tex
File: pgfmodulematrix.code.tex 2020/01/08 v3.1.5b (3.1.5b)
\pgfmatrixcurrentrow=\count338
\pgfmatrixcurrentcolumn=\count339
\pgf@matrix@numberofcolumns=\count340
)
\tikz@expandcount=\count341

(/usr/share/texlive/texmf-dist/tex/generic/pgf/frontendlayer/tikz/libraries/tik
zlibrarytopaths.code.tex
File: tikzlibrarytopaths.code.tex 2020/01/08 v3.1.5b (3.1.5b)
)))
(/usr/share/texlive/texmf-dist/tex/latex/bbold/bbold.sty
Package: bbold 1994/04/06 Bbold symbol package
LaTeX Font Info:    Redeclaring math alphabet \mathbb on input line 42.
)
(/usr/share/texlive/texmf-dist/tex/latex/appendix/appendix.sty
Package: appendix 2020/02/08 v1.2c extra appendix facilities
\c@@pps=\count342
\c@@ppsavesec=\count343
\c@@ppsaveapp=\count344
)
(/usr/share/texlive/texmf-dist/tex/latex/minted/minted.sty
Package: minted 2017/07/19 v2.5 Yet another Pygments shim for LaTeX

(/usr/share/texlive/texmf-dist/tex/latex/fvextra/fvextra.sty
Package: fvextra 2019/02/04 v1.4 fvextra - extensions and patches for fancyvrb

(/usr/share/texlive/texmf-dist/tex/latex/base/ifthen.sty
Package: ifthen 2014/09/29 v1.1c Standard LaTeX ifthen package (DPC)
)
(/usr/share/texlive/texmf-dist/tex/latex/fancyvrb/fancyvrb.sty
Package: fancyvrb 2020/01/13 v3.5 verbatim text (tvz,hv)
\FV@CodeLineNo=\count345
\FV@InFile=\read3
\FV@TabBox=\box115
\c@FancyVerbLine=\count346
\FV@StepNumber=\count347
\FV@OutFile=\write4
)
(/usr/share/texlive/texmf-dist/tex/latex/upquote/upquote.sty
Package: upquote 2012/04/19 v1.3 upright-quote and grave-accent glyphs in verbat
im

(/usr/share/texlive/texmf-dist/tex/latex/base/textcomp.sty
Package: textcomp 2020/02/02 v2.0n Standard LaTeX package
))
(/usr/share/texlive/texmf-dist/tex/latex/lineno/lineno.sty
Package: lineno 2005/11/02 line numbers on paragraphs v4.41
\linenopenalty=\count348
\output=\toks48
\linenoprevgraf=\count349
\linenumbersep=\dimen314
\linenumberwidth=\dimen315
\c@linenumber=\count350
\c@pagewiselinenumber=\count351
\c@LN@truepage=\count352
\c@internallinenumber=\count353
\c@internallinenumbers=\count354
\quotelinenumbersep=\dimen316
\bframerule=\dimen317
\bframesep=\dimen318
\bframebox=\box116
LaTeX Info: Redefining \\ on input line 3056.
)
\c@FV@TrueTabGroupLevel=\count355
\c@FV@TrueTabCounter=\count356
\FV@TabBox@Group=\box117
\FV@TmpLength=\skip66
\c@FV@HighlightLinesStart=\count357
\c@FV@HighlightLinesStop=\count358
\FV@LoopCount=\count359
\FV@NCharsBox=\box118
\FV@BreakIndent=\dimen319
\FV@BreakIndentNChars=\count360
\FV@BreakSymbolSepLeft=\dimen320
\FV@BreakSymbolSepLeftNChars=\count361
\FV@BreakSymbolSepRight=\dimen321
\FV@BreakSymbolSepRightNChars=\count362
\FV@BreakSymbolIndentLeft=\dimen322
\FV@BreakSymbolIndentLeftNChars=\count363
\FV@BreakSymbolIndentRight=\dimen323
\FV@BreakSymbolIndentRightNChars=\count364
\c@FancyVerbLineBreakLast=\count365
\FV@LineBox=\box119
\FV@LineIndentBox=\box120
\FV@LineWidth=\dimen324
)
(/usr/share/texlive/texmf-dist/tex/latex/tools/calc.sty
Package: calc 2017/05/25 v4.3 Infix arithmetic (KKT,FJ)
\calc@Acount=\count366
\calc@Bcount=\count367
\calc@Adimen=\dimen325
\calc@Bdimen=\dimen326
\calc@Askip=\skip67
\calc@Bskip=\skip68
LaTeX Info: Redefining \setlength on input line 80.
LaTeX Info: Redefining \addtolength on input line 81.
\calc@Ccount=\count368
\calc@Cskip=\skip69
)
(/usr/share/texlive/texmf-dist/tex/latex/tools/shellesc.sty
Package: shellesc 2019/11/08 v1.0c unified shell escape interface for LaTeX
Package shellesc Info: Unrestricted shell escape enabled on input line 75.
)
(/usr/share/texlive/texmf-dist/tex/latex/ifplatform/ifplatform.sty
Package: ifplatform 2017/10/13 v0.4a Testing for the operating system

(/usr/share/texlive/texmf-dist/tex/generic/catchfile/catchfile.sty
Package: catchfile 2019/12/09 v1.8 Catch the contents of a file (HO)
)
runsystem(uname -s > "main.w18")...executed
 (./main.w18)
runsystem(rm -- "main.w18")...executed
) (/usr/share/texlive/texmf-dist/tex/generic/xstring/xstring.sty
(/usr/share/texlive/texmf-dist/tex/generic/xstring/xstring.tex
\integerpart=\count369
\decimalpart=\count370
)
Package: xstring 2019/02/06 v1.83 String manipulations (CT)
)
(/usr/share/texlive/texmf-dist/tex/latex/framed/framed.sty
Package: framed 2011/10/22 v 0.96: framed or shaded text with page breaks
\OuterFrameSep=\skip70
\fb@frw=\dimen327
\fb@frh=\dimen328
\FrameRule=\dimen329
\FrameSep=\dimen330
)
(/usr/share/texlive/texmf-dist/tex/latex/float/float.sty
Package: float 2001/11/08 v1.3d Float enhancements (AL)
\c@float@type=\count371
\float@exts=\toks49
\float@box=\box121
\@float@everytoks=\toks50
\@floatcapt=\box122
)
\minted@appexistsfile=\read4
\minted@bgbox=\box123
\minted@code=\write5
\c@minted@FancyVerbLineTemp=\count372
\c@minted@pygmentizecounter=\count373
\@float@every@listing=\toks51
\c@listing=\count374
)
runsystem(mkdir -p _minted-main)...executed
Package hyperref Info: Option `colorlinks' set `true' on input line 137.

Package fontspec Info: Could not resolve font "LibertinusMath/B" (it probably
(fontspec)             doesn't exist).


Package fontspec Info: Font family 'LibertinusMath(0)' created for font
(fontspec)             'Libertinus Math' with options
(fontspec)             [Renderer=Basic,BoldItalicFont={},ItalicFont={},SmallCaps
Font={},Script=Math,FontAdjustment={\__um_luatex_copy_fontdimens:
(fontspec)             }].
(fontspec)              
(fontspec)              This font family consists of the following NFSS
(fontspec)             series/shapes:
(fontspec)              
(fontspec)             - 'normal' (m/n) with NFSS spec.:
(fontspec)             <->"LibertinusMath:mode=base;script=math;language=dflt;"
(fontspec)             - 'small caps'  (m/sc) with NFSS spec.: 
(fontspec)             and font adjustment code:
(fontspec)             \__um_luatex_copy_fontdimens: 


Package fontspec Info: Could not resolve font "LibertinusMath/B" (it probably
(fontspec)             doesn't exist).


Package fontspec Info: Font family 'LibertinusMath(1)' created for font
(fontspec)             'Libertinus Math' with options
(fontspec)             [Renderer=Basic,BoldItalicFont={},ItalicFont={},SmallCaps
Font={},Script=Math,SizeFeatures={{Size=9-},{Size=7-9,Font=Libertinus
(fontspec)             Math,Style=MathScript},{Size=-7,Font=Libertinus
(fontspec)             Math,Style=MathScriptScript}},FontAdjustment={\__um_luate
x_copy_fontdimens:
(fontspec)             }].
(fontspec)              
(fontspec)              This font family consists of the following NFSS
(fontspec)             series/shapes:
(fontspec)              
(fontspec)             - 'normal' (m/n) with NFSS spec.:
(fontspec)             <9->"LibertinusMath:mode=base;script=math;language=dflt;"
<7-9>"LibertinusMath:mode=base;script=math;language=dflt;+ssty=0;"<-7>"Libertinu
sMath:mode=base;script=math;language=dflt;+ssty=1;"
(fontspec)             - 'small caps'  (m/sc) with NFSS spec.: 
(fontspec)             and font adjustment code:
(fontspec)             \__um_luatex_copy_fontdimens: 

LaTeX Font Info:    Encoding `OT1' has changed to `TU' for symbol font
(Font)              `operators' in the math version `normal' on input line 141.
LaTeX Font Info:    Overwriting symbol font `operators' in version `normal'
(Font)                  OT1/cmr/m/n --> TU/LibertinusMath(1)/m/n on input line 1
41.
LaTeX Font Info:    Encoding `OT1' has changed to `TU' for symbol font
(Font)              `operators' in the math version `bold' on input line 141.
LaTeX Font Info:    Overwriting symbol font `operators' in version `bold'
(Font)                  OT1/cmr/bx/n --> TU/LibertinusMath(1)/b/n on input line 
141.

Package fontspec Info: LibertinusMath scale = 1.0001.


Package fontspec Info: Could not resolve font "LibertinusMath/B" (it probably
(fontspec)             doesn't exist).


Package fontspec Info: LibertinusMath scale = 1.0001.


Package fontspec Info: LibertinusMath scale = 1.0001.


Package fontspec Info: LibertinusMath scale = 1.0001.


Package fontspec Info: Font family 'LibertinusMath(2)' created for font
(fontspec)             'Libertinus Math' with options
(fontspec)             [Renderer=Basic,BoldItalicFont={},ItalicFont={},SmallCaps
Font={},Script=Math,SizeFeatures={{Size=9-},{Size=7-9,Font=Libertinus
(fontspec)             Math,Style=MathScript},{Size=-7,Font=Libertinus
(fontspec)             Math,Style=MathScriptScript}},FontAdjustment={\__um_luate
x_copy_fontdimens:
(fontspec)             },ScaleAgain=1.0001,FontAdjustment={\fontdimen 8\font
(fontspec)             =8.0pt\relax \fontdimen 9\font =6.0pt\relax \fontdimen
(fontspec)             10\font =4.7pt\relax \fontdimen 11\font =7.0pt\relax
(fontspec)             \fontdimen 12\font =5.5pt\relax \fontdimen 13\font
(fontspec)             =3.75pt\relax \fontdimen 14\font =3.75pt\relax
(fontspec)             \fontdimen 15\font =3.09999pt\relax \fontdimen 16\font
(fontspec)             =2.09999pt\relax \fontdimen 17\font =2.09999pt\relax
(fontspec)             \fontdimen 18\font =2.29999pt\relax \fontdimen 19\font
(fontspec)             =0.45pt\relax \fontdimen 22\font =2.59999pt\relax
(fontspec)             \fontdimen 20\font =0pt\relax \fontdimen 21\font
(fontspec)             =0pt\relax }].
(fontspec)              
(fontspec)              This font family consists of the following NFSS
(fontspec)             series/shapes:
(fontspec)              
(fontspec)             - 'normal' (m/n) with NFSS spec.:
(fontspec)             <9->s*[1.0001]"LibertinusMath:mode=base;script=math;langu
age=dflt;"<7-9>s*[1.0001]"LibertinusMath:mode=base;script=math;language=dflt;+ss
ty=0;"<-7>s*[1.0001]"LibertinusMath:mode=base;script=math;language=dflt;+ssty=1;
"
(fontspec)             - 'small caps'  (m/sc) with NFSS spec.: 
(fontspec)             and font adjustment code:
(fontspec)             \__um_luatex_copy_fontdimens: \fontdimen 8\font
(fontspec)             =8.0pt\relax \fontdimen 9\font =6.0pt\relax \fontdimen
(fontspec)             10\font =4.7pt\relax \fontdimen 11\font =7.0pt\relax
(fontspec)             \fontdimen 12\font =5.5pt\relax \fontdimen 13\font
(fontspec)             =3.75pt\relax \fontdimen 14\font =3.75pt\relax
(fontspec)             \fontdimen 15\font =3.09999pt\relax \fontdimen 16\font
(fontspec)             =2.09999pt\relax \fontdimen 17\font =2.09999pt\relax
(fontspec)             \fontdimen 18\font =2.29999pt\relax \fontdimen 19\font
(fontspec)             =0.45pt\relax \fontdimen 22\font =2.59999pt\relax
(fontspec)             \fontdimen 20\font =0pt\relax \fontdimen 21\font
(fontspec)             =0pt\relax 

LaTeX Font Info:    Encoding `OMS' has changed to `TU' for symbol font
(Font)              `symbols' in the math version `normal' on input line 141.
LaTeX Font Info:    Overwriting symbol font `symbols' in version `normal'
(Font)                  OMS/cmsy/m/n --> TU/LibertinusMath(2)/m/n on input line 
141.
LaTeX Font Info:    Encoding `OMS' has changed to `TU' for symbol font
(Font)              `symbols' in the math version `bold' on input line 141.
LaTeX Font Info:    Overwriting symbol font `symbols' in version `bold'
(Font)                  OMS/cmsy/b/n --> TU/LibertinusMath(2)/b/n on input line 
141.

Package fontspec Info: LibertinusMath scale = 0.9999.


Package fontspec Info: Could not resolve font "LibertinusMath/B" (it probably
(fontspec)             doesn't exist).


Package fontspec Info: LibertinusMath scale = 0.9999.


Package fontspec Info: LibertinusMath scale = 0.9999.


Package fontspec Info: LibertinusMath scale = 0.9999.


Package fontspec Info: Font family 'LibertinusMath(3)' created for font
(fontspec)             'Libertinus Math' with options
(fontspec)             [Renderer=Basic,BoldItalicFont={},ItalicFont={},SmallCaps
Font={},Script=Math,SizeFeatures={{Size=9-},{Size=7-9,Font=Libertinus
(fontspec)             Math,Style=MathScript},{Size=-7,Font=Libertinus
(fontspec)             Math,Style=MathScriptScript}},FontAdjustment={\__um_luate
x_copy_fontdimens:
(fontspec)             },ScaleAgain=0.9999,FontAdjustment={\fontdimen 8\font
(fontspec)             =0.65pt\relax \fontdimen 9\font =1.5pt\relax \fontdimen
(fontspec)             10\font =1.5pt\relax \fontdimen 11\font =2.5pt\relax
(fontspec)             \fontdimen 12\font =6.2pt\relax \fontdimen 13\font
(fontspec)             =0pt\relax }].
(fontspec)              
(fontspec)              This font family consists of the following NFSS
(fontspec)             series/shapes:
(fontspec)              
(fontspec)             - 'normal' (m/n) with NFSS spec.:
(fontspec)             <9->s*[0.9999]"LibertinusMath:mode=base;script=math;langu
age=dflt;"<7-9>s*[0.9999]"LibertinusMath:mode=base;script=math;language=dflt;+ss
ty=0;"<-7>s*[0.9999]"LibertinusMath:mode=base;script=math;language=dflt;+ssty=1;
"
(fontspec)             - 'small caps'  (m/sc) with NFSS spec.: 
(fontspec)             and font adjustment code:
(fontspec)             \__um_luatex_copy_fontdimens: \fontdimen 8\font
(fontspec)             =0.65pt\relax \fontdimen 9\font =1.5pt\relax \fontdimen
(fontspec)             10\font =1.5pt\relax \fontdimen 11\font =2.5pt\relax
(fontspec)             \fontdimen 12\font =6.2pt\relax \fontdimen 13\font
(fontspec)             =0pt\relax 

LaTeX Font Info:    Encoding `OMX' has changed to `TU' for symbol font
(Font)              `largesymbols' in the math version `normal' on input line 14
1.
LaTeX Font Info:    Overwriting symbol font `largesymbols' in version `normal'
(Font)                  OMX/cmex/m/n --> TU/LibertinusMath(3)/m/n on input line 
141.
LaTeX Font Info:    Encoding `OMX' has changed to `TU' for symbol font
(Font)              `largesymbols' in the math version `bold' on input line 141.

LaTeX Font Info:    Overwriting symbol font `largesymbols' in version `bold'
(Font)                  OMX/cmex/m/n --> TU/LibertinusMath(3)/b/n on input line 
141.
LaTeX Font Info:    Font shape `TU/LibertinusMath(2)/m/n' will be
(Font)              scaled to size 10.00107pt on input line 141.
LaTeX Font Info:    Font shape `TU/LibertinusMath(2)/m/n' will be
(Font)              scaled to size 8.00085pt on input line 141.
LaTeX Font Info:    Font shape `TU/LibertinusMath(2)/m/n' will be
(Font)              scaled to size 6.00064pt on input line 141.
LaTeX Font Info:    Font shape `TU/LibertinusMath(3)/m/n' will be
(Font)              scaled to size 9.99893pt on input line 141.
LaTeX Font Info:    Font shape `TU/LibertinusMath(3)/m/n' will be
(Font)              scaled to size 7.99915pt on input line 141.
LaTeX Font Info:    Font shape `TU/LibertinusMath(3)/m/n' will be
(Font)              scaled to size 5.99936pt on input line 141.
LaTeX Font Info:    Trying to load font information for U+msa on input line 141.


(/usr/share/texlive/texmf-dist/tex/latex/amsfonts/umsa.fd
File: umsa.fd 2013/01/14 v3.01 AMS symbols A
)
LaTeX Font Info:    Trying to load font information for U+msb on input line 141.


(/usr/share/texlive/texmf-dist/tex/latex/amsfonts/umsb.fd
File: umsb.fd 2013/01/14 v3.01 AMS symbols B
))
runsystem(which pygmentize && touch main.aex)...executed
runsystem(rm main.aex)...executed


LaTeX Warning: Unused global option(s):
    [1pt].

(./main.aux
LaTeX Info: Redefining \rmfamily on input line 19.
LaTeX Info: Redefining \sffamily on input line 19.
LaTeX Info: Redefining \ttfamily on input line 19.
luaotfload | aux : font no 37 (nil) defines no feature for script latn with lang
uage eng)
\openout1 = main.aux

LaTeX Font Info:    Checking defaults for OML/cmm/m/it on input line 6.
LaTeX Font Info:    ... okay on input line 6.
LaTeX Font Info:    Checking defaults for OMS/cmsy/m/n on input line 6.
LaTeX Font Info:    ... okay on input line 6.
LaTeX Font Info:    Checking defaults for OT1/cmr/m/n on input line 6.
LaTeX Font Info:    ... okay on input line 6.
LaTeX Font Info:    Checking defaults for T1/cmr/m/n on input line 6.
LaTeX Font Info:    ... okay on input line 6.
LaTeX Font Info:    Checking defaults for TS1/cmr/m/n on input line 6.
LaTeX Font Info:    ... okay on input line 6.
LaTeX Font Info:    Checking defaults for TU/lmr/m/n on input line 6.
LaTeX Font Info:    ... okay on input line 6.
LaTeX Font Info:    Checking defaults for OMX/cmex/m/n on input line 6.
LaTeX Font Info:    ... okay on input line 6.
LaTeX Font Info:    Checking defaults for U/cmr/m/n on input line 6.
LaTeX Font Info:    ... okay on input line 6.
LaTeX Font Info:    Checking defaults for PD1/pdf/m/n on input line 6.
LaTeX Font Info:    ... okay on input line 6.
LaTeX Font Info:    Checking defaults for PU/pdf/m/n on input line 6.
LaTeX Font Info:    ... okay on input line 6.
 (/usr/share/texlive/texmf-dist/tex/context/base/mkii/supp-pdf.mkii
[Loading MPS to PDF converter (version 2006.09.02).]
\scratchcounter=\count375
\scratchdimen=\dimen331
\scratchbox=\box124
\nofMPsegments=\count376
\nofMParguments=\count377
\everyMPshowfont=\toks52
\MPscratchCnt=\count378
\MPscratchDim=\dimen332
\MPnumerator=\count379
\makeMPintoPDFobject=\count380
\everyMPtoPDFconversion=\toks53
) (/usr/share/texlive/texmf-dist/tex/latex/epstopdf-pkg/epstopdf-base.sty
Package: epstopdf-base 2020-01-24 v2.11 Base part for package epstopdf
Package epstopdf-base Info: Redefining graphics rule for `.eps' on input line 48
5.

(/usr/share/texlive/texmf-dist/tex/latex/latexconfig/epstopdf-sys.cfg
File: epstopdf-sys.cfg 2010/07/13 v1.3 Configuration of (r)epstopdf for TeX Live

))
(/usr/share/texlive/texmf-dist/tex/latex/translator/translator-basic-dictionary
-English.dict
Dictionary: translator-basic-dictionary, Language: English 
)
(/usr/share/texlive/texmf-dist/tex/latex/siunitx/siunitx-abbreviations.cfg
File: siunitx-abbreviations.cfg 2017/11/26 v2.7k siunitx: Abbreviated units
)
\AtBeginShipoutBox=\box125

*geometry* driver: auto-detecting
*geometry* detected driver: luatex
*geometry* verbose mode - [ preamble ] result:
* driver: luatex
* paper: a4paper
* layout: <same size as paper>
* layoutoffset:(h,v)=(0.0pt,0.0pt)
* modes: 
* h-part:(L,W,R)=(85.35826pt, 455.24411pt, 56.9055pt)
* v-part:(T,H,B)=(71.13188pt, 702.78308pt, 71.13188pt)
* \paperwidth=597.50787pt
* \paperheight=845.04684pt
* \textwidth=455.24411pt
* \textheight=702.78308pt
* \oddsidemargin=13.08827pt
* \evensidemargin=13.08827pt
* \topmargin=-1.1381pt
* \headheight=0.0pt
* \headsep=0.0pt
* \topskip=10.0pt
* \footskip=30.0pt
* \marginparwidth=57.0pt
* \marginparsep=11.0pt
* \columnsep=10.0pt
* \skip\footins=9.0pt plus 4.0pt minus 2.0pt
* \hoffset=0.0pt
* \voffset=0.0pt
* \mag=1000
* \@twocolumnfalse
* \@twosidefalse
* \@mparswitchfalse
* \@reversemarginfalse
* (1in=72.27pt=25.4mm, 1cm=28.453pt)

LaTeX Font Info:    Overwriting math alphabet `\mathrm' in version `normal'
(Font)                  TU/LibertinusMath(1)/m/n --> TU/LibertinusSerif(0)/m/n o
n input line 6.
LaTeX Font Info:    Overwriting math alphabet `\mathit' in version `normal'
(Font)                  OT1/cmr/m/it --> TU/LibertinusSerif(0)/m/it on input lin
e 6.
LaTeX Font Info:    Overwriting math alphabet `\mathbf' in version `normal'
(Font)                  OT1/cmr/bx/n --> TU/LibertinusSerif(0)/b/n on input line
 6.
LaTeX Font Info:    Overwriting math alphabet `\mathsf' in version `normal'
(Font)                  OT1/cmss/m/n --> TU/lmss/m/n on input line 6.
LaTeX Font Info:    Overwriting math alphabet `\mathsf' in version `bold'
(Font)                  OT1/cmss/bx/n --> TU/lmss/b/n on input line 6.
LaTeX Font Info:    Overwriting math alphabet `\mathtt' in version `normal'
(Font)                  OT1/cmtt/m/n --> TU/lmtt/m/n on input line 6.
LaTeX Font Info:    Overwriting math alphabet `\mathtt' in version `bold'
(Font)                  OT1/cmtt/m/n --> TU/lmtt/b/n on input line 6.
Package hyperref Info: Link coloring ON on input line 6.
(/usr/share/texlive/texmf-dist/tex/latex/hyperref/nameref.sty
Package: nameref 2019/09/16 v2.46 Cross-referencing by name of section

(/usr/share/texlive/texmf-dist/tex/latex/refcount/refcount.sty
Package: refcount 2019/12/15 v3.6 Data extraction from label references (HO)
)
(/usr/share/texlive/texmf-dist/tex/generic/gettitlestring/gettitlestring.sty
Package: gettitlestring 2019/12/15 v1.6 Cleanup title references (HO)
)
\c@section@level=\count381
)
LaTeX Info: Redefining \ref on input line 6.
LaTeX Info: Redefining \pageref on input line 6.
LaTeX Info: Redefining \nameref on input line 6.

(./main.out) (./main.out)
\@outlinefile=\write6

\openout6 = main.out
Package caption Info: Begin \AtBeginDocument code.
Package caption Info: float package is loaded.
Package caption Info: End \AtBeginDocument code.
 ABD: EveryShipout initializing macros
LaTeX Info: Redefining \rmfamily on input line 6.
LaTeX Info: Redefining \sffamily on input line 6.
LaTeX Info: Redefining \ttfamily on input line 6.
luaotfload | aux : font no 37 (nil) defines no feature for script latn with lang
uage eng
LaTeX Font Info:    Font shape `TU/LibertinusMath(2)/m/n' will be
(Font)              scaled to size 12.00128pt on input line 7.
LaTeX Font Info:    Font shape `TU/LibertinusMath(3)/m/n' will be
(Font)              scaled to size 11.99872pt on input line 7.
 [1

{/var/lib/texmf/fonts/map/pdftex/updmap/pdftex.map}] (./main.toc
LaTeX Info: Redefining \rmfamily on input line 1.
LaTeX Info: Redefining \sffamily on input line 1.
LaTeX Info: Redefining \ttfamily on input line 1.
luaotfload | aux : font no 37 (nil) defines no feature for script latn with lang
uage eng
\openout5 = main.pyg

(./_minted-main/default-pyg-prefix.pygstyle) (./_minted-main/default.pygstyle)
(./_minted-main/D24C5A9B400A345B948B0472A42FA95F4FBEEAFC55D0059826E664B9BBCF372
1.pygtex
LaTeX Font Info:    Font shape `TU/lmtt/bx/n' in size <10> not available
(Font)              Font shape `TU/lmtt/b/n' tried instead on input line 2.
)
\openout5 = main.pyg

(./_minted-main/A05CEECB8B337DAE6520AB0BD7FFA7374FBEEAFC55D0059826E664B9BBCF372
1.pygtex)
\openout5 = main.pyg

(./_minted-main/0087858C643CA07D7D9C40791B0766034FBEEAFC55D0059826E664B9BBCF372
1.pygtex)
\openout5 = main.pyg

(./_minted-main/D81BFE868D3161C6064EE3995A6823754FBEEAFC55D0059826E664B9BBCF372
1.pygtex))
\tf@toc=\write7

\openout7 = main.toc

warning  (pdf backend): ignoring duplicate destination with the name 'page.1'
[1]
\openout5 = main.pyg

(./_minted-main/0B816804D4241E6C50E1DBEDD37F24D4A00B3CB6151DE675178D03E4C68EDF9
A.pygtex)
\openout5 = main.pyg

(./_minted-main/2D35B0EDA837F43CB769820D474D6D6FA00B3CB6151DE675178D03E4C68EDF9
A.pygtex)
\openout5 = main.pyg

(./_minted-main/84681A982A55ACBDF0A5012421C14214A00B3CB6151DE675178D03E4C68EDF9
A.pygtex)
\openout5 = main.pyg

(./_minted-main/D81BFE868D3161C6064EE3995A6823754FBEEAFC55D0059826E664B9BBCF372
1.pygtex)
\openout5 = main.pyg

(./_minted-main/0579E7D623B2E4D01B91C75BB78BBF97A00B3CB6151DE675178D03E4C68EDF9
A.pygtex)
\openout5 = main.pyg

(./_minted-main/A05CEECB8B337DAE6520AB0BD7FFA7374FBEEAFC55D0059826E664B9BBCF372
1.pygtex)
\openout5 = main.pyg

(./_minted-main/185965B2E25DE5F72FD553E21FC5805CA00B3CB6151DE675178D03E4C68EDF9
A.pygtex)
\openout5 = main.pyg

(./_minted-main/0087858C643CA07D7D9C40791B0766034FBEEAFC55D0059826E664B9BBCF372
1.pygtex)
\openout5 = main.pyg

(./_minted-main/1935C6FE0055919DE9FD961703AB5B9AA00B3CB6151DE675178D03E4C68EDF9
A.pygtex)
\openout5 = main.pyg

(./_minted-main/D24C5A9B400A345B948B0472A42FA95F4FBEEAFC55D0059826E664B9BBCF372
1.pygtex)
\openout5 = main.pyg

(./_minted-main/D7CB0044FE3B2A357B1F0976C2AC8F114FBEEAFC55D0059826E664B9BBCF372
1.pygtex)
\openout5 = main.pyg

(./_minted-main/A05CEECB8B337DAE6520AB0BD7FFA7374FBEEAFC55D0059826E664B9BBCF372
1.pygtex)
\openout5 = main.pyg

(./_minted-main/D81BFE868D3161C6064EE3995A6823754FBEEAFC55D0059826E664B9BBCF372
1.pygtex)
\openout5 = main.pyg

(./_minted-main/381A3B6EC43A2D039AE074A5C59F7B114FBEEAFC55D0059826E664B9BBCF372
1.pygtex)
\openout5 = main.pyg

(./_minted-main/3B1BF70BDCBF877556854076F9F17A3D4FBEEAFC55D0059826E664B9BBCF372
1.pygtex)
\openout5 = main.pyg

(./_minted-main/2367D0D41BA13117405DFA47FDFF7B3B4FBEEAFC55D0059826E664B9BBCF372
1.pygtex)
\openout5 = main.pyg

(./_minted-main/499F94263DEB0858EE504B584CB699AF4FBEEAFC55D0059826E664B9BBCF372
1.pygtex)
\openout5 = main.pyg

(./_minted-main/6C2C4FB96E7C5805B4CDB0590292EDFC4FBEEAFC55D0059826E664B9BBCF372
1.pygtex)
\openout5 = main.pyg

(./_minted-main/1262B7B76BC06B1F186F3D4F702C61974FBEEAFC55D0059826E664B9BBCF372
1.pygtex)
\openout5 = main.pyg

(./_minted-main/6C2C4FB96E7C5805B4CDB0590292EDFC4FBEEAFC55D0059826E664B9BBCF372
1.pygtex)
\openout5 = main.pyg

(./_minted-main/B80FA55B1234F1935CEA559D9EFBC39A4FBEEAFC55D0059826E664B9BBCF372
1.pygtex)
\openout5 = main.pyg

(./_minted-main/1388A84F4C1E0B407828E1EC304A20E94FBEEAFC55D0059826E664B9BBCF372
1.pygtex)
Underfull \hbox (badness 4765) in paragraph at lines 30--30
\TU/LibertinusSerif(0)/m/n/10 By de-fault it takes the value
 []


Underfull \hbox (badness 1688) in paragraph at lines 30--30
[] \TU/LibertinusSerif(0)/m/n/10 but you can give it
 []


\openout5 = main.pyg

(./_minted-main/1388A84F4C1E0B407828E1EC304A20E94FBEEAFC55D0059826E664B9BBCF372
1.pygtex)
\openout5 = main.pyg

(./_minted-main/BC3E57DE13A86E40865C2ABB5D7F90E04FBEEAFC55D0059826E664B9BBCF372
1.pygtex)
\openout5 = main.pyg

(./_minted-main/F5E513FA57620C3B347A839578383DE04FBEEAFC55D0059826E664B9BBCF372
1.pygtex)
\openout5 = main.pyg

(./_minted-main/5A5E8CE9BB7A6AEE99974761C8FA4D9E4FBEEAFC55D0059826E664B9BBCF372
1.pygtex)
\openout5 = main.pyg

(./_minted-main/6C2C4FB96E7C5805B4CDB0590292EDFC4FBEEAFC55D0059826E664B9BBCF372
1.pygtex)
Underfull \hbox (badness 1845) in paragraph at lines 37--38
\TU/LibertinusSerif(0)/m/n/10 com-put-ing in ac-cord-ing to the
 []


\openout5 = main.pyg

(./_minted-main/3D0EBCA64BF468433543D5DB0D5B7D1E4FBEEAFC55D0059826E664B9BBCF372
1.pygtex)
\openout5 = main.pyg

(./_minted-main/B7365792FDFAFA1B752E1997E340C4884FBEEAFC55D0059826E664B9BBCF372
1.pygtex)
\openout5 = main.pyg

(./_minted-main/5324637AACBE0185DDBDC6D5E4D4F9624FBEEAFC55D0059826E664B9BBCF372
1.pygtex)
\openout5 = main.pyg

(./_minted-main/2F9A375622FB1B6DBD684D5CB7C3E38B4FBEEAFC55D0059826E664B9BBCF372
1.pygtex)
\openout5 = main.pyg

(./_minted-main/FD3DD11D66A3556E628FE4EE716ACC264FBEEAFC55D0059826E664B9BBCF372
1.pygtex)
\openout5 = main.pyg

(./_minted-main/70F767D806FADB2BE131AA04309CC5784FBEEAFC55D0059826E664B9BBCF372
1.pygtex)
\openout5 = main.pyg

(./_minted-main/6C2C4FB96E7C5805B4CDB0590292EDFC4FBEEAFC55D0059826E664B9BBCF372
1.pygtex) [2]
\openout5 = main.pyg

(./_minted-main/498E724CE6B8BCF6733AF24D5513E4294FBEEAFC55D0059826E664B9BBCF372
1.pygtex)
\openout5 = main.pyg

(./_minted-main/61ECBC41CDAE3E6B32712A06C73606FA4FBEEAFC55D0059826E664B9BBCF372
1.pygtex)
\openout5 = main.pyg

(./_minted-main/BB47F00F235774DF2D4005BAEBBA6DCE4FBEEAFC55D0059826E664B9BBCF372
1.pygtex)
\openout5 = main.pyg

(./_minted-main/1388A84F4C1E0B407828E1EC304A20E94FBEEAFC55D0059826E664B9BBCF372
1.pygtex)
\openout5 = main.pyg

(./_minted-main/BC3E57DE13A86E40865C2ABB5D7F90E04FBEEAFC55D0059826E664B9BBCF372
1.pygtex)
\openout5 = main.pyg

(./_minted-main/6C2C4FB96E7C5805B4CDB0590292EDFC4FBEEAFC55D0059826E664B9BBCF372
1.pygtex)
\openout5 = main.pyg

(./_minted-main/6C2C4FB96E7C5805B4CDB0590292EDFC4FBEEAFC55D0059826E664B9BBCF372
1.pygtex)
\openout5 = main.pyg

(./_minted-main/149B8992594B5D299F6938DF3474E5F04FBEEAFC55D0059826E664B9BBCF372
1.pygtex)
\openout5 = main.pyg

(./_minted-main/149B8992594B5D299F6938DF3474E5F04FBEEAFC55D0059826E664B9BBCF372
1.pygtex)
\openout5 = main.pyg

(./_minted-main/F5E513FA57620C3B347A839578383DE04FBEEAFC55D0059826E664B9BBCF372
1.pygtex)
\openout5 = main.pyg

(./_minted-main/5A5E8CE9BB7A6AEE99974761C8FA4D9E4FBEEAFC55D0059826E664B9BBCF372
1.pygtex)
\openout5 = main.pyg

(./_minted-main/6C2C4FB96E7C5805B4CDB0590292EDFC4FBEEAFC55D0059826E664B9BBCF372
1.pygtex)
\openout5 = main.pyg

(./_minted-main/6C2C4FB96E7C5805B4CDB0590292EDFC4FBEEAFC55D0059826E664B9BBCF372
1.pygtex)
\openout5 = main.pyg

(./_minted-main/149B8992594B5D299F6938DF3474E5F04FBEEAFC55D0059826E664B9BBCF372
1.pygtex)
\openout5 = main.pyg

(./_minted-main/149B8992594B5D299F6938DF3474E5F04FBEEAFC55D0059826E664B9BBCF372
1.pygtex) [3]
\openout5 = main.pyg

(./_minted-main/6C2C4FB96E7C5805B4CDB0590292EDFC4FBEEAFC55D0059826E664B9BBCF372
1.pygtex)
\openout5 = main.pyg

(./_minted-main/C8584AECE797A45831FC498D0242BA7C4FBEEAFC55D0059826E664B9BBCF372
1.pygtex)
\openout5 = main.pyg

(./_minted-main/CA8853173EECA012FDDE4C18D9D860544FBEEAFC55D0059826E664B9BBCF372
1.pygtex)
\openout5 = main.pyg

(./_minted-main/C8584AECE797A45831FC498D0242BA7C4FBEEAFC55D0059826E664B9BBCF372
1.pygtex)
\openout5 = main.pyg

(./_minted-main/CA8853173EECA012FDDE4C18D9D860544FBEEAFC55D0059826E664B9BBCF372
1.pygtex)
\openout5 = main.pyg

(./_minted-main/00C5A213CE5E8F9BCC60B2E58F7E49984FBEEAFC55D0059826E664B9BBCF372
1.pygtex)
\openout5 = main.pyg

(./_minted-main/EC617921ADE8A525D02A65430AEE16354FBEEAFC55D0059826E664B9BBCF372
1.pygtex)
\openout5 = main.pyg

(./_minted-main/B06B1AB0A85844B64B602F868C12BE864FBEEAFC55D0059826E664B9BBCF372
1.pygtex)
<figures/os_table.pdf, id=159, 284.52756pt x 199.1693pt>
File: figures/os_table.pdf Graphic file (type pdf)
<use figures/os_table.pdf>
Package luatex.def Info: figures/os_table.pdf  used on input line 129.
(luatex.def)             Requested size: 227.62234pt x 159.33563pt.

\openout5 = main.pyg

(./_minted-main/B06B1AB0A85844B64B602F868C12BE864FBEEAFC55D0059826E664B9BBCF372
1.pygtex)
\openout5 = main.pyg

(./_minted-main/B06B1AB0A85844B64B602F868C12BE864FBEEAFC55D0059826E664B9BBCF372
1.pygtex)
\openout5 = main.pyg

(./_minted-main/D81BFE868D3161C6064EE3995A6823754FBEEAFC55D0059826E664B9BBCF372
1.pygtex)
\openout5 = main.pyg

(./_minted-main/2BB4C52BA64A3710D2A088C20BBEB64C4FBEEAFC55D0059826E664B9BBCF372
1.pygtex)
\openout5 = main.pyg

(./_minted-main/3B1BF70BDCBF877556854076F9F17A3D4FBEEAFC55D0059826E664B9BBCF372
1.pygtex)
\openout5 = main.pyg

(./_minted-main/2367D0D41BA13117405DFA47FDFF7B3B4FBEEAFC55D0059826E664B9BBCF372
1.pygtex)
\openout5 = main.pyg

(./_minted-main/C4B2DA4F1E3DBCEEAD9B533FFD9AF0F64FBEEAFC55D0059826E664B9BBCF372
1.pygtex)
\openout5 = main.pyg

(./_minted-main/9A8AD92C50CAE39AA2C5604FD0AB6D8C4FBEEAFC55D0059826E664B9BBCF372
1.pygtex)
\openout5 = main.pyg

(./_minted-main/8B5BEB9605554033D12EC79A8D7E16324FBEEAFC55D0059826E664B9BBCF372
1.pygtex)
\openout5 = main.pyg

(./_minted-main/2192011BDC4836581BF5F313ED87E8D24FBEEAFC55D0059826E664B9BBCF372
1.pygtex)
\openout5 = main.pyg

(./_minted-main/3A09387B5AB18355F5E382D2BE22E2DB4FBEEAFC55D0059826E664B9BBCF372
1.pygtex)
\openout5 = main.pyg

(./_minted-main/9DB413A462FD1D9F5D5A03927FECA6EC4FBEEAFC55D0059826E664B9BBCF372
1.pygtex)
Underfull \hbox (badness 2426) in paragraph at lines 147--147
\TU/LibertinusSerif(0)/m/n/10 tion [], with the ini-tial vec-tor
 []


\openout5 = main.pyg

(./_minted-main/9A8AD92C50CAE39AA2C5604FD0AB6D8C4FBEEAFC55D0059826E664B9BBCF372
1.pygtex)
\openout5 = main.pyg

(./_minted-main/8B5BEB9605554033D12EC79A8D7E16324FBEEAFC55D0059826E664B9BBCF372
1.pygtex)
\openout5 = main.pyg

(./_minted-main/2192011BDC4836581BF5F313ED87E8D24FBEEAFC55D0059826E664B9BBCF372
1.pygtex)
\openout5 = main.pyg

(./_minted-main/F3C6139B5CF41CD105A2634780584A434FBEEAFC55D0059826E664B9BBCF372
1.pygtex)
\openout5 = main.pyg

(./_minted-main/407AFD1AA81EB19037A4C2AED0C7F20B4FBEEAFC55D0059826E664B9BBCF372
1.pygtex)
\openout5 = main.pyg

(./_minted-main/0DCF46D775C42E5CD2923058CBF0F3724FBEEAFC55D0059826E664B9BBCF372
1.pygtex)
\openout5 = main.pyg

(./_minted-main/8DE576DF96E11FDD486B6E049AF00EF34FBEEAFC55D0059826E664B9BBCF372
1.pygtex)
Underfull \hbox (badness 1635) in paragraph at lines 1--153
[][] \TU/LibertinusSerif(0)/m/n/10 is the in-te-gra-
 []


Underfull \hbox (badness 1728) in paragraph at lines 1--153
\TU/LibertinusSerif(0)/m/n/10 It can take only these val-
 []


Underfull \hbox (badness 1264) in paragraph at lines 154--155
[]|\TU/LibertinusSerif(0)/m/n/10 This func-tion will re-trieve two
 []


\openout5 = main.pyg

(./_minted-main/872EAC4BF2A7464164430E9A5C924B924FBEEAFC55D0059826E664B9BBCF372
1.pygtex)
Underfull \hbox (badness 2221) in paragraph at lines 1--157
[][] \TU/LibertinusSerif(0)/m/n/10 : con-tains a
 []


Underfull \hbox (badness 1540) in paragraph at lines 1--157
\TU/LibertinusSerif(0)/m/n/10 ma-trix of real of size N$\TU/LibertinusMath(1)/m
/n/10 ×$\TU/LibertinusSerif(0)/m/n/10 T.
 []


Underfull \hbox (badness 1460) in paragraph at lines 1--157
\TU/LibertinusSerif(0)/m/n/10 tors. Each vec-tor con-tains
 []


Underfull \hbox (badness 1442) in paragraph at lines 1--157
\TU/LibertinusSerif(0)/m/n/10 at one time, la-beled in the
 []


\openout5 = main.pyg

(./_minted-main/4A36A2BEB1E80CAA32EF66996D895E994FBEEAFC55D0059826E664B9BBCF372
1.pygtex)
\openout5 = main.pyg

(./_minted-main/4F557F219A64C3AA41023626B6AD01BA4FBEEAFC55D0059826E664B9BBCF372
1.pygtex)
\openout5 = main.pyg

(./_minted-main/9C5E99F4C8827FFA03142778107191C04FBEEAFC55D0059826E664B9BBCF372
1.pygtex)
\openout5 = main.pyg

(./_minted-main/93D7964EC38E9A2894A602B6C93F8CB74FBEEAFC55D0059826E664B9BBCF372
1.pygtex)
Underfull \hbox (badness 3343) in paragraph at lines 1--158
[][] \TU/LibertinusSerif(0)/m/n/10 : con-tains a list
 []


Underfull \hbox (badness 5985) in paragraph at lines 1--158
\TU/LibertinusSerif(0)/m/n/10 of real of size T, de-fined
 []


Underfull \hbox (badness 10000) in paragraph at lines 1--158
\TU/LibertinusSerif(0)/m/n/10 by [].
 []


Underfull \hbox (badness 10000) in paragraph at lines 1--158
[] \TU/LibertinusSerif(0)/m/n/10 is a method
 []

[4<./figures/os_table.pdf>]
\openout5 = main.pyg

(./_minted-main/B25C93E424F3A2E80AD2E79937F79CD44FBEEAFC55D0059826E664B9BBCF372
1.pygtex)

LaTeX Warning: Command \i invalid in math mode on input line 174.


LaTeX Warning: Command \i invalid in math mode on input line 174.


Underfull \hbox (badness 2529) in paragraph at lines 175--176
\TU/LibertinusSerif(0)/m/n/10 func-tion be-cause it takes only
 []


Underfull \hbox (badness 1264) in paragraph at lines 177--178
[]|\TU/LibertinusSerif(0)/m/n/10 This func-tion will re-trieve two
 []


\openout5 = main.pyg

(./_minted-main/CB1534FCBAA57A80A012E2451EDA983D4FBEEAFC55D0059826E664B9BBCF372
1.pygtex)
\openout5 = main.pyg

(./_minted-main/485BDBACEFE22344F6E78CA58A6692424FBEEAFC55D0059826E664B9BBCF372
1.pygtex)
\openout5 = main.pyg

(./_minted-main/81DA2C10A63571CA45297F79EB22E83E4FBEEAFC55D0059826E664B9BBCF372
1.pygtex)
\openout5 = main.pyg

(./_minted-main/A319B52BD520B5146AAB3B848F37F65D4FBEEAFC55D0059826E664B9BBCF372
1.pygtex)
\openout5 = main.pyg

(./_minted-main/786E2A196AB76CFA8FE387CEE3F5ED724FBEEAFC55D0059826E664B9BBCF372
1.pygtex)
\openout5 = main.pyg

(./_minted-main/9485EDF7B8EC0FDF0BC3BDB9D5FC6C284FBEEAFC55D0059826E664B9BBCF372
1.pygtex)
Underfull \hbox (badness 2529) in paragraph at lines 197--198
\TU/LibertinusSerif(0)/m/n/10 func-tion be-cause it takes only
 []


Underfull \hbox (badness 1264) in paragraph at lines 199--200
[]|\TU/LibertinusSerif(0)/m/n/10 This func-tion will re-trieve two
 []


\openout5 = main.pyg

(./_minted-main/C2B2F5C0325CE2826946DD1B1A2FDEF44FBEEAFC55D0059826E664B9BBCF372
1.pygtex)
\openout5 = main.pyg

(./_minted-main/65DB27307AA0CDF0B3C0323431E08A154FBEEAFC55D0059826E664B9BBCF372
1.pygtex)
\openout5 = main.pyg

(./_minted-main/9485EDF7B8EC0FDF0BC3BDB9D5FC6C284FBEEAFC55D0059826E664B9BBCF372
1.pygtex)
\openout5 = main.pyg

(./_minted-main/3B1BF70BDCBF877556854076F9F17A3D4FBEEAFC55D0059826E664B9BBCF372
1.pygtex)
\openout5 = main.pyg

(./_minted-main/E382B5EE5D038A645DB17278A33A44324FBEEAFC55D0059826E664B9BBCF372
1.pygtex)
\openout5 = main.pyg

(./_minted-main/6C2C4FB96E7C5805B4CDB0590292EDFC4FBEEAFC55D0059826E664B9BBCF372
1.pygtex)
\openout5 = main.pyg

(./_minted-main/C8584AECE797A45831FC498D0242BA7C4FBEEAFC55D0059826E664B9BBCF372
1.pygtex)
\openout5 = main.pyg

(./_minted-main/CA8853173EECA012FDDE4C18D9D860544FBEEAFC55D0059826E664B9BBCF372
1.pygtex)
\openout5 = main.pyg

(./_minted-main/6F3D3F829B0FC329E3A602FB9CC51CA44FBEEAFC55D0059826E664B9BBCF372
1.pygtex) [5]
\openout5 = main.pyg

(./_minted-main/D24C5A9B400A345B948B0472A42FA95F4FBEEAFC55D0059826E664B9BBCF372
1.pygtex) [6]
\openout5 = main.pyg

(./_minted-main/D24C5A9B400A345B948B0472A42FA95F4FBEEAFC55D0059826E664B9BBCF372
1.pygtex)
\openout5 = main.pyg

(./_minted-main/D81BFE868D3161C6064EE3995A6823754FBEEAFC55D0059826E664B9BBCF372
1.pygtex)
\openout5 = main.pyg

(./_minted-main/D24C5A9B400A345B948B0472A42FA95F4FBEEAFC55D0059826E664B9BBCF372
1.pygtex)

Package hyperref Warning: Token not allowed in a PDF string (Unicode):
(hyperref)                removing `\mintinline' on input line 283.


\openout5 = main.pyg

(./_minted-main/250F241BED3BFDB2AEEC7608579CA84F4FBEEAFC55D0059826E664B9BBCF372
1.pygtex)
\openout5 = main.pyg

(./_minted-main/93D7964EC38E9A2894A602B6C93F8CB74FBEEAFC55D0059826E664B9BBCF372
1.pygtex)
\openout5 = main.pyg

(./_minted-main/D24C5A9B400A345B948B0472A42FA95F4FBEEAFC55D0059826E664B9BBCF372
1.pygtex)
\openout5 = main.pyg

(./_minted-main/B72909854A6DADF078626E1A87055F1D4FBEEAFC55D0059826E664B9BBCF372
1.pygtex)
\openout5 = main.pyg

(./_minted-main/275FC0F0E4E02D3982B2F457B51ABD6B4FBEEAFC55D0059826E664B9BBCF372
1.pygtex)
\openout5 = main.pyg

(./_minted-main/691C5986124AC0E19BC3D6EE309ABBB84FBEEAFC55D0059826E664B9BBCF372
1.pygtex) [7]
\openout5 = main.pyg

(./_minted-main/A05CEECB8B337DAE6520AB0BD7FFA7374FBEEAFC55D0059826E664B9BBCF372
1.pygtex)

Package hyperref Warning: Token not allowed in a PDF string (Unicode):
(hyperref)                removing `\mintinline' on input line 308.


\openout5 = main.pyg

(./_minted-main/6C2C4FB96E7C5805B4CDB0590292EDFC4FBEEAFC55D0059826E664B9BBCF372
1.pygtex)
\openout5 = main.pyg

(./_minted-main/93D7964EC38E9A2894A602B6C93F8CB74FBEEAFC55D0059826E664B9BBCF372
1.pygtex)
\openout5 = main.pyg

(./_minted-main/61ECBC41CDAE3E6B32712A06C73606FA4FBEEAFC55D0059826E664B9BBCF372
1.pygtex)
\openout5 = main.pyg

(./_minted-main/4821726C1947CDF3EEBACADE981739394FBEEAFC55D0059826E664B9BBCF372
1.pygtex)
\openout5 = main.pyg

(./_minted-main/A05CEECB8B337DAE6520AB0BD7FFA7374FBEEAFC55D0059826E664B9BBCF372
1.pygtex)
\openout5 = main.pyg

(./_minted-main/A6B404262129602A26E9D96EDA7EEFAB4FBEEAFC55D0059826E664B9BBCF372
1.pygtex)
\openout5 = main.pyg

(./_minted-main/E47980FF216C796222C04FF36475088F4FBEEAFC55D0059826E664B9BBCF372
1.pygtex)
\openout5 = main.pyg

(./_minted-main/B4E8FDED1ABC3AF10841F09EFFF807C44FBEEAFC55D0059826E664B9BBCF372
1.pygtex)
\openout5 = main.pyg

(./_minted-main/5999169BC493617EFA5165D0A41474574FBEEAFC55D0059826E664B9BBCF372
1.pygtex)
\openout5 = main.pyg

(./_minted-main/7648D5BDAA68AF3486A8E2E53FE794834FBEEAFC55D0059826E664B9BBCF372
1.pygtex)
\openout5 = main.pyg

(./_minted-main/D2E524547C5C6D16422110EC4F8145FE4FBEEAFC55D0059826E664B9BBCF372
1.pygtex)
\openout5 = main.pyg

(./_minted-main/CCBA788D997A674AF8E46CC1751627F24FBEEAFC55D0059826E664B9BBCF372
1.pygtex)
\openout5 = main.pyg

(./_minted-main/077DD16251DB3A5916823120E449C74F4FBEEAFC55D0059826E664B9BBCF372
1.pygtex)
\openout5 = main.pyg

(./_minted-main/69BC79EE550A0F1D2F414825CB9538DA4FBEEAFC55D0059826E664B9BBCF372
1.pygtex)
\openout5 = main.pyg

(./_minted-main/C6942B165FFC0B5086DCDCE1F28A04C14FBEEAFC55D0059826E664B9BBCF372
1.pygtex)
\openout5 = main.pyg

(./_minted-main/C135A688B2BE666CF36F65D557A703324FBEEAFC55D0059826E664B9BBCF372
1.pygtex)
\openout5 = main.pyg

(./_minted-main/D58E34D174FB826EFB8C5B5F53D53B894FBEEAFC55D0059826E664B9BBCF372
1.pygtex)
\openout5 = main.pyg

(./_minted-main/71D43F6348C4E55FFF330AB391EDEF894FBEEAFC55D0059826E664B9BBCF372
1.pygtex)
\openout5 = main.pyg

(./_minted-main/6C2C4FB96E7C5805B4CDB0590292EDFC4FBEEAFC55D0059826E664B9BBCF372
1.pygtex)
\openout5 = main.pyg

(./_minted-main/975B9A30DAE124BB2911D0C080A896784FBEEAFC55D0059826E664B9BBCF372
1.pygtex)
\openout4 = main.pyg

(./_minted-main/F3C1275FE12BA1DCD5C0EB5BB62F148D4FBEEAFC55D0059826E664B9BBCF372
1.pygtex)
\openout5 = main.pyg

(./_minted-main/0087858C643CA07D7D9C40791B0766034FBEEAFC55D0059826E664B9BBCF372
1.pygtex)

Package hyperref Warning: Token not allowed in a PDF string (Unicode):
(hyperref)                removing `\mintinline' on input line 357.


\openout5 = main.pyg

(./_minted-main/125F4C0E049245F391D819464EE0F9F84FBEEAFC55D0059826E664B9BBCF372
1.pygtex)
\openout5 = main.pyg

(./_minted-main/70FA03B6C3ECD798911DF9566EF2D06C4FBEEAFC55D0059826E664B9BBCF372
1.pygtex)
\openout5 = main.pyg

(./_minted-main/7E5939DE4736C18969DA95A320A5A0554FBEEAFC55D0059826E664B9BBCF372
1.pygtex)
\openout5 = main.pyg

(./_minted-main/D205EB84115FA9628C5E81A8BEB496724FBEEAFC55D0059826E664B9BBCF372
1.pygtex)
\openout5 = main.pyg

(./_minted-main/03DA7C4D3D0F2E5E17F626F38B3B0AA64FBEEAFC55D0059826E664B9BBCF372
1.pygtex)
\openout5 = main.pyg

(./_minted-main/47A21E6E5E81F3081ED00BAC71AEC3CA4FBEEAFC55D0059826E664B9BBCF372
1.pygtex)
\openout5 = main.pyg

(./_minted-main/5BCF3A45952EF96D58107993D2C3DC984FBEEAFC55D0059826E664B9BBCF372
1.pygtex)
\openout5 = main.pyg

(./_minted-main/661D3C47F4B7E8324B7B804632E4E8974FBEEAFC55D0059826E664B9BBCF372
1.pygtex)
\openout5 = main.pyg

(./_minted-main/8CB0AFEF4C7D9B356F052625921386024FBEEAFC55D0059826E664B9BBCF372
1.pygtex)
\openout5 = main.pyg

(./_minted-main/771079D79DFE4431025978E6580465D94FBEEAFC55D0059826E664B9BBCF372
1.pygtex)
\openout5 = main.pyg

(./_minted-main/8CB0AFEF4C7D9B356F052625921386024FBEEAFC55D0059826E664B9BBCF372
1.pygtex)
\openout5 = main.pyg

(./_minted-main/FABD49E43A5A2AF85AB55B8962D2BC9C4FBEEAFC55D0059826E664B9BBCF372
1.pygtex)
\openout5 = main.pyg

(./_minted-main/6587E542A0A4946FF934D1C45C3F66D54FBEEAFC55D0059826E664B9BBCF372
1.pygtex)
\openout5 = main.pyg

(./_minted-main/81EFB2957AB7E822DF1C9929550B4D3E4FBEEAFC55D0059826E664B9BBCF372
1.pygtex)
\openout5 = main.pyg

(./_minted-main/BAED8CED433BD7E89B717161AA4DD4024FBEEAFC55D0059826E664B9BBCF372
1.pygtex)
\openout5 = main.pyg

(./_minted-main/CFD85B925A6CD054DEF2E9BC803FE4734FBEEAFC55D0059826E664B9BBCF372
1.pygtex)
\openout5 = main.pyg

(./_minted-main/8CB0AFEF4C7D9B356F052625921386024FBEEAFC55D0059826E664B9BBCF372
1.pygtex)
\openout5 = main.pyg

(./_minted-main/91169E0C643EBD5B279BAC29678E6BC34FBEEAFC55D0059826E664B9BBCF372
1.pygtex)
\openout5 = main.pyg

(./_minted-main/8CB0AFEF4C7D9B356F052625921386024FBEEAFC55D0059826E664B9BBCF372
1.pygtex) [8]
\openout5 = main.pyg

(./_minted-main/87BD7EB3680DE3EB17EF647A0047B6604FBEEAFC55D0059826E664B9BBCF372
1.pygtex)
\openout5 = main.pyg

(./_minted-main/84F2DB19912CF9863A7C15F80E115F874FBEEAFC55D0059826E664B9BBCF372
1.pygtex)
\openout5 = main.pyg

(./_minted-main/C003320C480DDEC7CBCF9BD18A3C95094FBEEAFC55D0059826E664B9BBCF372
1.pygtex)
\openout5 = main.pyg

(./_minted-main/46028609922581AFCFC377A820AB56844FBEEAFC55D0059826E664B9BBCF372
1.pygtex)
\openout5 = main.pyg

(./_minted-main/11E6556FFC650D88C5CE5C74990BC4F64FBEEAFC55D0059826E664B9BBCF372
1.pygtex)
\openout5 = main.pyg

(./_minted-main/CD2BCC10A3043CD69B6ACB20E146CBC34FBEEAFC55D0059826E664B9BBCF372
1.pygtex)
\openout5 = main.pyg

(./_minted-main/C003320C480DDEC7CBCF9BD18A3C95094FBEEAFC55D0059826E664B9BBCF372
1.pygtex)
\openout5 = main.pyg

(./_minted-main/11E6556FFC650D88C5CE5C74990BC4F64FBEEAFC55D0059826E664B9BBCF372
1.pygtex)
\openout5 = main.pyg

(./_minted-main/93D7964EC38E9A2894A602B6C93F8CB74FBEEAFC55D0059826E664B9BBCF372
1.pygtex)
\openout5 = main.pyg

(./_minted-main/D7CB0044FE3B2A357B1F0976C2AC8F114FBEEAFC55D0059826E664B9BBCF372
1.pygtex)
\openout5 = main.pyg

(./_minted-main/77F386CF50A8EDDCA496AE13788A8C2A4FBEEAFC55D0059826E664B9BBCF372
1.pygtex)
\openout5 = main.pyg

(./_minted-main/D851573B415FAC5C5EC32F71507279324FBEEAFC55D0059826E664B9BBCF372
1.pygtex)
\openout5 = main.pyg

(./_minted-main/93D7964EC38E9A2894A602B6C93F8CB74FBEEAFC55D0059826E664B9BBCF372
1.pygtex)
\openout5 = main.pyg

(./_minted-main/D7CB0044FE3B2A357B1F0976C2AC8F114FBEEAFC55D0059826E664B9BBCF372
1.pygtex)
\openout5 = main.pyg

(./_minted-main/77F386CF50A8EDDCA496AE13788A8C2A4FBEEAFC55D0059826E664B9BBCF372
1.pygtex)
\openout5 = main.pyg

(./_minted-main/D851573B415FAC5C5EC32F71507279324FBEEAFC55D0059826E664B9BBCF372
1.pygtex)
Underfull \hbox (badness 10000) in paragraph at lines 375--377

 []


\openout5 = main.pyg

(./_minted-main/D81BFE868D3161C6064EE3995A6823754FBEEAFC55D0059826E664B9BBCF372
1.pygtex)

Package hyperref Warning: Token not allowed in a PDF string (Unicode):
(hyperref)                removing `\mintinline' on input line 377.


\openout5 = main.pyg

(./_minted-main/93D7964EC38E9A2894A602B6C93F8CB74FBEEAFC55D0059826E664B9BBCF372
1.pygtex)
\openout5 = main.pyg

(./_minted-main/4821726C1947CDF3EEBACADE981739394FBEEAFC55D0059826E664B9BBCF372
1.pygtex)
\openout5 = main.pyg

(./_minted-main/D81BFE868D3161C6064EE3995A6823754FBEEAFC55D0059826E664B9BBCF372
1.pygtex)
\openout5 = main.pyg

(./_minted-main/E47980FF216C796222C04FF36475088F4FBEEAFC55D0059826E664B9BBCF372
1.pygtex)
\openout5 = main.pyg

(./_minted-main/D2E524547C5C6D16422110EC4F8145FE4FBEEAFC55D0059826E664B9BBCF372
1.pygtex)
\openout5 = main.pyg

(./_minted-main/7648D5BDAA68AF3486A8E2E53FE794834FBEEAFC55D0059826E664B9BBCF372
1.pygtex)
\openout5 = main.pyg

(./_minted-main/B4E8FDED1ABC3AF10841F09EFFF807C44FBEEAFC55D0059826E664B9BBCF372
1.pygtex)
\openout5 = main.pyg

(./_minted-main/5999169BC493617EFA5165D0A41474574FBEEAFC55D0059826E664B9BBCF372
1.pygtex)
\openout5 = main.pyg

(./_minted-main/CCBA788D997A674AF8E46CC1751627F24FBEEAFC55D0059826E664B9BBCF372
1.pygtex)
\openout5 = main.pyg

(./_minted-main/661D62B763155912836EBE688F56FC5A4FBEEAFC55D0059826E664B9BBCF372
1.pygtex)
Underfull \hbox (badness 10000) in paragraph at lines 1--397
[][]\TU/LibertinusSerif(0)/m/n/10 , see
 []


\openout5 = main.pyg

(./_minted-main/91EB2DA2F171F0166852AC5D9B3CFA944FBEEAFC55D0059826E664B9BBCF372
1.pygtex)
\openout5 = main.pyg

(./_minted-main/97FDF79C94DC64B79A9EDD1B94B08BE14FBEEAFC55D0059826E664B9BBCF372
1.pygtex)
Overfull \hbox (3.10513pt too wide) in paragraph at lines 1--399
[][]\TU/LibertinusSerif(0)/m/n/10 ,
 []


\openout5 = main.pyg

(./_minted-main/A5F22EBCFCBD96D28AE8A70D0918F5354FBEEAFC55D0059826E664B9BBCF372
1.pygtex)
\openout5 = main.pyg

(./_minted-main/D18F21E6176CB895D264C719BA4F96E44FBEEAFC55D0059826E664B9BBCF372
1.pygtex)
Underfull \hbox (badness 10000) in paragraph at lines 1--403
\TU/LibertinusSerif(0)/m/n/10 us-ing the ku-ramoto model, [][]sub-sec-
 []


\openout5 = main.pyg

(./_minted-main/89D8DC8F4BC650486E0F45ADC6783BCC4FBEEAFC55D0059826E664B9BBCF372
1.pygtex)
\openout5 = main.pyg

(./_minted-main/43008512D69D7F0BE322959A2F4B56584FBEEAFC55D0059826E664B9BBCF372
1.pygtex)
Underfull \hbox (badness 3635) in paragraph at lines 1--405
[][] \TU/LibertinusSerif(0)/m/n/10 : re-turn
 []


\openout5 = main.pyg

(./_minted-main/FAF2FCE4CD14203B556ACBDC05C743F74FBEEAFC55D0059826E664B9BBCF372
1.pygtex)
Overfull \hbox (24.10513pt too wide) in paragraph at lines 1--406
[][]\TU/LibertinusSerif(0)/m/n/10 ,
 []


\openout5 = main.pyg

(./_minted-main/81EFB2957AB7E822DF1C9929550B4D3E4FBEEAFC55D0059826E664B9BBCF372
1.pygtex)
\openout5 = main.pyg

(./_minted-main/0D71ACAD20DCF17FBE08082EA9D161444FBEEAFC55D0059826E664B9BBCF372
1.pygtex)
\openout5 = main.pyg

(./_minted-main/49A654F9CA10204363C336E4525251864FBEEAFC55D0059826E664B9BBCF372
1.pygtex) [9]
<figures/packages_kuramotoModel.png, id=244, 274.02374pt x 348.30125pt>
File: figures/packages_kuramotoModel.png Graphic file (type png)
<use figures/packages_kuramotoModel.png>
Package luatex.def Info: figures/packages_kuramotoModel.png  used on input line 
422.
(luatex.def)             Requested size: 123.30954pt x 156.73412pt.
<figures/classes_kuramotoModel.png, id=245, 670.505pt x 769.87625pt>
File: figures/classes_kuramotoModel.png Graphic file (type png)
<use figures/classes_kuramotoModel.png>
Package luatex.def Info: figures/classes_kuramotoModel.png  used on input line 4
29.
(luatex.def)             Requested size: 268.19725pt x 307.94504pt.

\openout5 = main.pyg

(./_minted-main/BF144A6F6470FA6B4CA08BBCA0AF3051A00B3CB6151DE675178D03E4C68EDF9
A.pygtex)
\openout5 = main.pyg

(./_minted-main/4D51D2615DA45241085AB0D30F7A5E8EA00B3CB6151DE675178D03E4C68EDF9
A.pygtex) [10<./figures/packages_kuramotoModel.png><./figures/classes_kuramotoMo
del.png>]
\openout5 = main.pyg

(./_minted-main/CF24533D45CC0FB484ABC14729245B104FBEEAFC55D0059826E664B9BBCF372
1.pygtex)
\openout4 = main.pyg

(./_minted-main/095DDA8F9AE3FE807AAC2BC0D4F639C3A00B3CB6151DE675178D03E4C68EDF9
A.pygtex)
\openout5 = main.pyg

(./_minted-main/7E37021BA6905419DACBA8DCE4038C5B4FBEEAFC55D0059826E664B9BBCF372
1.pygtex)
\openout5 = main.pyg

(./_minted-main/CD59EF9D034ACAEC54F54359387CFC904FBEEAFC55D0059826E664B9BBCF372
1.pygtex)
\openout5 = main.pyg

(./_minted-main/DE4F2C7B9C8ECBEC3BBDDDC3ACBEAF3A4FBEEAFC55D0059826E664B9BBCF372
1.pygtex)
\openout5 = main.pyg

(./_minted-main/6426E9AF26DD75F94F84058F50A6F7454FBEEAFC55D0059826E664B9BBCF372
1.pygtex)
<figures/Niiho_kuramoto.png, id=257, 341.1144pt x 352.6776pt>
File: figures/Niiho_kuramoto.png Graphic file (type png)
<use figures/Niiho_kuramoto.png>
Package luatex.def Info: figures/Niiho_kuramoto.png  used on input line 459.
(luatex.def)             Requested size: 136.44333pt x 141.06853pt.

\openout5 = main.pyg

(./_minted-main/7E37021BA6905419DACBA8DCE4038C5B4FBEEAFC55D0059826E664B9BBCF372
1.pygtex)
\openout5 = main.pyg

(./_minted-main/7E37021BA6905419DACBA8DCE4038C5B4FBEEAFC55D0059826E664B9BBCF372
1.pygtex)
<figures/mag_Niiho.png, id=258, 341.1144pt x 352.6776pt>
File: figures/mag_Niiho.png Graphic file (type png)
<use figures/mag_Niiho.png>
Package luatex.def Info: figures/mag_Niiho.png  used on input line 466.
(luatex.def)             Requested size: 136.44333pt x 141.06853pt.
<figures/phase_Niiho.png, id=259, 341.1144pt x 352.6776pt>
File: figures/phase_Niiho.png Graphic file (type png)
<use figures/phase_Niiho.png>
Package luatex.def Info: figures/phase_Niiho.png  used on input line 473.
(luatex.def)             Requested size: 136.44333pt x 141.06853pt.
<figures/shannon_Niiho.png, id=260, 341.1144pt x 352.6776pt>
File: figures/shannon_Niiho.png Graphic file (type png)
<use figures/shannon_Niiho.png>
Package luatex.def Info: figures/shannon_Niiho.png  used on input line 480.
(luatex.def)             Requested size: 136.44333pt x 141.06853pt.
<figures/connectivity_Niiho.png, id=261, 341.1144pt x 352.6776pt>
File: figures/connectivity_Niiho.png Graphic file (type png)
<use figures/connectivity_Niiho.png>
Package luatex.def Info: figures/connectivity_Niiho.png  used on input line 487.

(luatex.def)             Requested size: 136.44333pt x 141.06853pt.

Overfull \hbox (27.79155pt too wide) in paragraph at lines 453--494
\TU/LibertinusSerif(0)/m/n/10 spond-ing and com-pare them with the ex-pected re
-sults in the choosen con-fig-u-ra-tion. The [],
 []

[11<./figures/Niiho_kuramoto.png><./figures/mag_Niiho.png><./figures/phase_Niiho
.png><./figures/shannon_Niiho.png><./figures/connectivity_Niiho.png>]
\openout5 = main.pyg

(./_minted-main/F029508D362B3CA4FA88210435032A9B4FBEEAFC55D0059826E664B9BBCF372
1.pygtex)
\openout5 = main.pyg

(./_minted-main/83C67BEB929ADB56981AC6D2D4CCEC1B4FBEEAFC55D0059826E664B9BBCF372
1.pygtex)
<../outcomes/chimera_2D/dens_kuramoto.png, id=280, 1387.584pt x 752.3307pt>
File: ../outcomes/chimera_2D/dens_kuramoto.png Graphic file (type png)
<use ../outcomes/chimera_2D/dens_kuramoto.png>
Package luatex.def Info: ../outcomes/chimera_2D/dens_kuramoto.png  used on input
 line 505.
(luatex.def)             Requested size: 450.69417pt x 244.35535pt.

\openout5 = main.pyg

(./_minted-main/A718119D1E6C170866F75DFFD21DD4824FBEEAFC55D0059826E664B9BBCF372
1.pygtex)
\openout5 = main.pyg

(./_minted-main/A718119D1E6C170866F75DFFD21DD4824FBEEAFC55D0059826E664B9BBCF372
1.pygtex) [12<../outcomes/chimera_2D/dens_kuramoto.png>]
<../outcomes/chimera_2D/dens_shannon.png, id=289, 1387.584pt x 752.3307pt>
File: ../outcomes/chimera_2D/dens_shannon.png Graphic file (type png)
<use ../outcomes/chimera_2D/dens_shannon.png>
Package luatex.def Info: ../outcomes/chimera_2D/dens_shannon.png  used on input 
line 512.
(luatex.def)             Requested size: 450.69417pt x 244.35535pt.
<../outcomes/josephson/mag.png, id=294, 1387.584pt x 752.3307pt>
File: ../outcomes/josephson/mag.png Graphic file (type png)
<use ../outcomes/josephson/mag.png>
Package luatex.def Info: ../outcomes/josephson/mag.png  used on input line 523.
(luatex.def)             Requested size: 432.48051pt x 234.48286pt.

\openout5 = main.pyg

(./_minted-main/79436B0370BC782F1AF3ABFEA5EA06974FBEEAFC55D0059826E664B9BBCF372
1.pygtex)
\openout5 = main.pyg

(./_minted-main/79436B0370BC782F1AF3ABFEA5EA06974FBEEAFC55D0059826E664B9BBCF372
1.pygtex) [13<../outcomes/chimera_2D/dens_shannon.png><../outcomes/josephson/mag
.png>]
<../outcomes/josephson/phase.png, id=304, 1387.584pt x 752.3307pt>
File: ../outcomes/josephson/phase.png Graphic file (type png)
<use ../outcomes/josephson/phase.png>
Package luatex.def Info: ../outcomes/josephson/phase.png  used on input line 530
.
(luatex.def)             Requested size: 432.48051pt x 234.48286pt.
 [14<../outcomes/josephson/phase.png>] (./main.bbl)
The property list \polyglossia@langsetup contains the pairs (without outer
braces):
>  {latex/script}  =>  {latin}
>  {latex/lcscript}  =>  {latin}
>  {latex/scripttag}  =>  {}
>  {latex/language}  =>  {Latex}
>  {latex/langtag}  =>  {ENG}
>  {latex/bcp47}  =>  {}
>  {latex/hyphennames}  =>  {english}
>  {latex/direction}  =>  {LR}
>  {latex/hyphenmins}  =>  {2,3}
>  {latex/frenchspacing}  =>  {false}
>  {latex/indentfirst}  =>  {false}
>  {latex/fontsetup}  =>  {true}
>  {latex/envname}  =>  {latex}
>  {latex/babelname}  =>  {latex}
>  {latex/localnumeral}  =>  {polyglossia@C@localnumeral}
>  {latex/Localnumeral}  =>  {polyglossia@C@localnumeral}
>  {english/script}  =>  {latin}
>  {english/lcscript}  =>  {latin}
>  {english/scripttag}  =>  {}
>  {english/language}  =>  {English}
>  {english/langtag}  =>  {ENG}
>  {english/bcp47}  =>  {en-US}
>  {english/hyphennames}  =>  {english,american,usenglish,USenglish}
>  {english/direction}  =>  {LR}
>  {english/hyphenmins}  =>  {2,3}
>  {english/frenchspacing}  =>  {false}
>  {english/indentfirst}  =>  {false}
>  {english/fontsetup}  =>  {true}
>  {english/envname}  =>  {english}
>  {english/babelname}  =>  {american}
>  {english/localnumeral}  =>  {polyglossia@C@localnumeral}
>  {english/Localnumeral}  =>  {polyglossia@C@localnumeral}
>  {french/script}  =>  {Latin}
>  {french/lcscript}  =>  {latin}
>  {french/scripttag}  =>  {}
>  {french/language}  =>  {French}
>  {french/langtag}  =>  {FRA}
>  {french/bcp47}  =>  {fr-FR}
>  {french/hyphennames}  =>  {french,francais}
>  {french/direction}  =>  {LR}
>  {french/hyphenmins}  =>  {2,2}
>  {french/frenchspacing}  =>  {true}
>  {french/indentfirst}  =>  {true}
>  {french/fontsetup}  =>  {true}
>  {french/envname}  =>  {french}
>  {french/babelname}  =>  {french}
>  {french/localnumeral}  =>  {polyglossia@C@localnumeral}
>  {french/Localnumeral}  =>  {polyglossia@C@localnumeral}.
 [15]
Package atveryend Info: Empty hook `BeforeClearDocument' on input line 543.
Package atveryend Info: Empty hook `AfterLastShipout' on input line 543.
 (./main.aux
LaTeX Info: Redefining \rmfamily on input line 19.
LaTeX Info: Redefining \sffamily on input line 19.
LaTeX Info: Redefining \ttfamily on input line 19.
luaotfload | aux : font no 37 (nil) defines no feature for script latn with lang
uage eng)
Package atveryend Info: Executing hook `AtVeryEndDocument' on input line 543.
Package atveryend Info: Executing hook `AtEndAfterFileList' on input line 543.
Package rerunfilecheck Info: File `main.out' has not changed.
(rerunfilecheck)             Checksum: 4634359C05F35728C0335B30BEF593A8;4352.
runsystem(rm main.pyg)...executed
)

Here is how much of LuaTeX's memory you used:
 41121 strings out of 481365
 125171,1373583 words of node,token memory allocated
 682 words of node memory still in use:
   6 hlist, 2 vlist, 2 rule, 3 glue, 5 kern, 1 penalty, 1 glyph, 25 attribute, 6
8 glue_spec, 25 attribute_list, 2 write, 4 pdf_action nodes
   avail lists: 1:2,2:1581,3:210,4:186,5:269,6:49,7:4329,8:61,9:449,10:20,11:221

 53237 multiletter control sequences out of 65536+600000
 86 fonts using 24122843 bytes
 69i,21n,111p,1609b,880s stack positions out of 5000i,500n,10000p,200000b,100000s
</usr/share/texmf/fonts/opentype/public/lm/lmmono9-regular.otf></usr/share/texli
ve/texmf-dist/fonts/opentype/public/libertinus-fonts/LibertinusMath-Regular.otf>
</usr/share/texmf/fonts/opentype/public/lm/lmmono10-regular.otf></usr/share/texm
f/fonts/opentype/public/lm/lmmonolt10-bold.otf></usr/share/texlive/texmf-dist/fo
nts/opentype/public/libertinus-fonts/LibertinusMath-Regular.otf></usr/share/texl
ive/texmf-dist/fonts/opentype/public/libertinus-fonts/LibertinusMath-Regular.otf
></usr/share/texlive/texmf-dist/fonts/opentype/public/libertinus-fonts/Libertinu
sSerif-Regular.otf></usr/share/texlive/texmf-dist/fonts/opentype/public/libertin
us-fonts/LibertinusSerif-Bold.otf>
Output written on main.pdf (16 pages, 819757 bytes).

PDF statistics: 374 PDF objects out of 1000 (max. 8388607)
 303 compressed objects within 4 object streams
 66 named destinations out of 1000 (max. 131072)
 200 words of extra memory for PDF output out of 10000 (max. 100000000)

